{"/Users/frankiechiu/cse110-sp24-group22/src/scripts/list.js": {"path":"/Users/frankiechiu/cse110-sp24-group22/src/scripts/list.js","statementMap":{"0":{"start":{"line":4,"column":18},"end":{"line":4,"column":34}},"1":{"start":{"line":5,"column":18},"end":{"line":5,"column":34}},"2":{"start":{"line":6,"column":13},"end":{"line":6,"column":22}},"3":{"start":{"line":7,"column":15},"end":{"line":7,"column":17}},"4":{"start":{"line":11,"column":0},"end":{"line":11,"column":52}},"5":{"start":{"line":27,"column":27},"end":{"line":27,"column":72}},"6":{"start":{"line":28,"column":2},"end":{"line":28,"column":27}},"7":{"start":{"line":29,"column":2},"end":{"line":29,"column":18}},"8":{"start":{"line":31,"column":2},"end":{"line":31,"column":16}},"9":{"start":{"line":33,"column":2},"end":{"line":33,"column":38}},"10":{"start":{"line":35,"column":2},"end":{"line":37,"column":4}},"11":{"start":{"line":36,"column":4},"end":{"line":36,"column":18}},"12":{"start":{"line":40,"column":23},"end":{"line":40,"column":63}},"13":{"start":{"line":41,"column":2},"end":{"line":55,"column":4}},"14":{"start":{"line":42,"column":25},"end":{"line":42,"column":68}},"15":{"start":{"line":43,"column":24},"end":{"line":43,"column":63}},"16":{"start":{"line":44,"column":4},"end":{"line":54,"column":5}},"17":{"start":{"line":45,"column":6},"end":{"line":45,"column":44}},"18":{"start":{"line":46,"column":6},"end":{"line":48,"column":14}},"19":{"start":{"line":47,"column":8},"end":{"line":47,"column":44}},"20":{"start":{"line":50,"column":6},"end":{"line":50,"column":42}},"21":{"start":{"line":51,"column":6},"end":{"line":53,"column":12}},"22":{"start":{"line":52,"column":8},"end":{"line":52,"column":43}},"23":{"start":{"line":58,"column":2},"end":{"line":60,"column":5}},"24":{"start":{"line":59,"column":4},"end":{"line":59,"column":27}},"25":{"start":{"line":61,"column":2},"end":{"line":63,"column":5}},"26":{"start":{"line":62,"column":4},"end":{"line":62,"column":32}},"27":{"start":{"line":67,"column":20},"end":{"line":67,"column":63}},"28":{"start":{"line":68,"column":16},"end":{"line":68,"column":44}},"29":{"start":{"line":69,"column":15},"end":{"line":69,"column":76}},"30":{"start":{"line":70,"column":20},"end":{"line":70,"column":52}},"31":{"start":{"line":71,"column":18},"end":{"line":71,"column":48}},"32":{"start":{"line":73,"column":18},"end":{"line":73,"column":64}},"33":{"start":{"line":74,"column":2},"end":{"line":74,"column":23}},"34":{"start":{"line":87,"column":15},"end":{"line":87,"column":21}},"35":{"start":{"line":88,"column":20},"end":{"line":91,"column":1}},"36":{"start":{"line":94,"column":2},"end":{"line":100,"column":3}},"37":{"start":{"line":95,"column":4},"end":{"line":95,"column":22}},"38":{"start":{"line":96,"column":4},"end":{"line":96,"column":45}},"39":{"start":{"line":97,"column":9},"end":{"line":100,"column":3}},"40":{"start":{"line":98,"column":4},"end":{"line":98,"column":27}},"41":{"start":{"line":99,"column":4},"end":{"line":99,"column":53}},"42":{"start":{"line":101,"column":2},"end":{"line":101,"column":29}},"43":{"start":{"line":102,"column":2},"end":{"line":102,"column":18}},"44":{"start":{"line":114,"column":24},"end":{"line":114,"column":60}},"45":{"start":{"line":115,"column":29},"end":{"line":115,"column":70}},"46":{"start":{"line":117,"column":2},"end":{"line":125,"column":3}},"47":{"start":{"line":118,"column":4},"end":{"line":118,"column":73}},"48":{"start":{"line":119,"column":4},"end":{"line":119,"column":45}},"49":{"start":{"line":120,"column":9},"end":{"line":125,"column":3}},"50":{"start":{"line":121,"column":4},"end":{"line":123,"column":18}},"51":{"start":{"line":124,"column":4},"end":{"line":124,"column":40}},"52":{"start":{"line":134,"column":19},"end":{"line":134,"column":55}},"53":{"start":{"line":135,"column":2},"end":{"line":135,"column":26}},"54":{"start":{"line":137,"column":2},"end":{"line":139,"column":5}},"55":{"start":{"line":138,"column":4},"end":{"line":138,"column":25}},"56":{"start":{"line":144,"column":19},"end":{"line":144,"column":55}},"57":{"start":{"line":145,"column":19},"end":{"line":145,"column":47}},"58":{"start":{"line":147,"column":16},"end":{"line":147,"column":45}},"59":{"start":{"line":148,"column":2},"end":{"line":148,"column":33}},"60":{"start":{"line":149,"column":2},"end":{"line":149,"column":30}},"61":{"start":{"line":151,"column":18},"end":{"line":151,"column":47}},"62":{"start":{"line":152,"column":2},"end":{"line":152,"column":35}},"63":{"start":{"line":154,"column":24},"end":{"line":154,"column":53}},"64":{"start":{"line":156,"column":2},"end":{"line":165,"column":5}},"65":{"start":{"line":157,"column":23},"end":{"line":157,"column":53}},"66":{"start":{"line":158,"column":4},"end":{"line":158,"column":33}},"67":{"start":{"line":159,"column":4},"end":{"line":159,"column":33}},"68":{"start":{"line":160,"column":4},"end":{"line":162,"column":6}},"69":{"start":{"line":163,"column":4},"end":{"line":163,"column":42}},"70":{"start":{"line":164,"column":4},"end":{"line":164,"column":60}},"71":{"start":{"line":167,"column":2},"end":{"line":167,"column":37}},"72":{"start":{"line":168,"column":2},"end":{"line":168,"column":32}},"73":{"start":{"line":170,"column":18},"end":{"line":170,"column":42}},"74":{"start":{"line":171,"column":24},"end":{"line":171,"column":53}},"75":{"start":{"line":173,"column":2},"end":{"line":173,"column":54}},"76":{"start":{"line":175,"column":13},"end":{"line":175,"column":36}},"77":{"start":{"line":177,"column":16},"end":{"line":184,"column":3}},"78":{"start":{"line":187,"column":2},"end":{"line":189,"column":22}},"79":{"start":{"line":191,"column":2},"end":{"line":191,"column":38}},"80":{"start":{"line":194,"column":32},"end":{"line":194,"column":61}},"81":{"start":{"line":195,"column":23},"end":{"line":195,"column":55}},"82":{"start":{"line":196,"column":2},"end":{"line":196,"column":43}},"83":{"start":{"line":197,"column":2},"end":{"line":197,"column":48}},"84":{"start":{"line":198,"column":2},"end":{"line":198,"column":50}},"85":{"start":{"line":201,"column":2},"end":{"line":212,"column":4}},"86":{"start":{"line":202,"column":4},"end":{"line":210,"column":5}},"87":{"start":{"line":207,"column":6},"end":{"line":207,"column":30}},"88":{"start":{"line":208,"column":6},"end":{"line":208,"column":24}},"89":{"start":{"line":209,"column":6},"end":{"line":209,"column":31}},"90":{"start":{"line":211,"column":4},"end":{"line":211,"column":28}},"91":{"start":{"line":214,"column":2},"end":{"line":214,"column":37}},"92":{"start":{"line":215,"column":2},"end":{"line":217,"column":4}},"93":{"start":{"line":216,"column":4},"end":{"line":216,"column":42}},"94":{"start":{"line":218,"column":2},"end":{"line":220,"column":4}},"95":{"start":{"line":219,"column":4},"end":{"line":219,"column":40}},"96":{"start":{"line":221,"column":2},"end":{"line":223,"column":4}},"97":{"start":{"line":222,"column":4},"end":{"line":222,"column":27}},"98":{"start":{"line":226,"column":2},"end":{"line":226,"column":33}},"99":{"start":{"line":230,"column":18},"end":{"line":230,"column":75}},"100":{"start":{"line":230,"column":46},"end":{"line":230,"column":74}},"101":{"start":{"line":231,"column":2},"end":{"line":234,"column":24}},"102":{"start":{"line":232,"column":4},"end":{"line":232,"column":79}},"103":{"start":{"line":233,"column":4},"end":{"line":233,"column":21}},"104":{"start":{"line":234,"column":9},"end":{"line":234,"column":24}},"105":{"start":{"line":238,"column":2},"end":{"line":238,"column":76}},"106":{"start":{"line":238,"column":46},"end":{"line":238,"column":74}},"107":{"start":{"line":239,"column":2},"end":{"line":239,"column":31}},"108":{"start":{"line":243,"column":2},"end":{"line":245,"column":3}},"109":{"start":{"line":244,"column":4},"end":{"line":244,"column":18}},"110":{"start":{"line":246,"column":2},"end":{"line":246,"column":70}},"111":{"start":{"line":250,"column":2},"end":{"line":250,"column":60}},"112":{"start":{"line":250,"column":46},"end":{"line":250,"column":58}},"113":{"start":{"line":251,"column":2},"end":{"line":251,"column":31}},"114":{"start":{"line":256,"column":2},"end":{"line":256,"column":71}},"115":{"start":{"line":264,"column":16},"end":{"line":264,"column":55}},"116":{"start":{"line":266,"column":22},"end":{"line":266,"column":59}},"117":{"start":{"line":268,"column":19},"end":{"line":268,"column":58}},"118":{"start":{"line":270,"column":23},"end":{"line":270,"column":61}},"119":{"start":{"line":272,"column":23},"end":{"line":272,"column":61}},"120":{"start":{"line":274,"column":19},"end":{"line":274,"column":55}},"121":{"start":{"line":276,"column":22},"end":{"line":276,"column":60}},"122":{"start":{"line":280,"column":17},"end":{"line":280,"column":59}},"123":{"start":{"line":282,"column":19},"end":{"line":282,"column":55}},"124":{"start":{"line":284,"column":22},"end":{"line":284,"column":62}},"125":{"start":{"line":286,"column":18},"end":{"line":286,"column":53}},"126":{"start":{"line":288,"column":18},"end":{"line":288,"column":53}},"127":{"start":{"line":290,"column":22},"end":{"line":290,"column":57}},"128":{"start":{"line":292,"column":2},"end":{"line":292,"column":34}},"129":{"start":{"line":293,"column":2},"end":{"line":293,"column":33}},"130":{"start":{"line":296,"column":2},"end":{"line":296,"column":32}},"131":{"start":{"line":299,"column":2},"end":{"line":301,"column":3}},"132":{"start":{"line":300,"column":4},"end":{"line":300,"column":52}},"133":{"start":{"line":304,"column":2},"end":{"line":308,"column":5}},"134":{"start":{"line":305,"column":4},"end":{"line":307,"column":5}},"135":{"start":{"line":306,"column":6},"end":{"line":306,"column":35}},"136":{"start":{"line":311,"column":2},"end":{"line":318,"column":3}},"137":{"start":{"line":312,"column":4},"end":{"line":317,"column":5}},"138":{"start":{"line":313,"column":6},"end":{"line":313,"column":35}},"139":{"start":{"line":314,"column":6},"end":{"line":314,"column":24}},"140":{"start":{"line":315,"column":6},"end":{"line":315,"column":35}},"141":{"start":{"line":316,"column":6},"end":{"line":316,"column":31}},"142":{"start":{"line":320,"column":2},"end":{"line":331,"column":4}},"143":{"start":{"line":321,"column":4},"end":{"line":321,"column":25}},"144":{"start":{"line":322,"column":4},"end":{"line":322,"column":29}},"145":{"start":{"line":323,"column":4},"end":{"line":330,"column":5}},"146":{"start":{"line":324,"column":6},"end":{"line":324,"column":35}},"147":{"start":{"line":325,"column":6},"end":{"line":325,"column":30}},"148":{"start":{"line":326,"column":6},"end":{"line":326,"column":31}},"149":{"start":{"line":327,"column":6},"end":{"line":327,"column":55}},"150":{"start":{"line":329,"column":6},"end":{"line":329,"column":52}},"151":{"start":{"line":336,"column":21},"end":{"line":336,"column":26}},"152":{"start":{"line":338,"column":2},"end":{"line":354,"column":3}},"153":{"start":{"line":339,"column":4},"end":{"line":339,"column":24}},"154":{"start":{"line":340,"column":4},"end":{"line":340,"column":30}},"155":{"start":{"line":341,"column":21},"end":{"line":349,"column":5}},"156":{"start":{"line":351,"column":4},"end":{"line":351,"column":24}},"157":{"start":{"line":352,"column":4},"end":{"line":352,"column":33}},"158":{"start":{"line":353,"column":4},"end":{"line":353,"column":33}},"159":{"start":{"line":356,"column":2},"end":{"line":356,"column":41}},"160":{"start":{"line":358,"column":17},"end":{"line":358,"column":37}},"161":{"start":{"line":360,"column":26},"end":{"line":360,"column":42}},"162":{"start":{"line":361,"column":24},"end":{"line":361,"column":40}},"163":{"start":{"line":363,"column":2},"end":{"line":363,"column":39}},"164":{"start":{"line":364,"column":2},"end":{"line":364,"column":36}},"165":{"start":{"line":366,"column":2},"end":{"line":370,"column":5}},"166":{"start":{"line":367,"column":21},"end":{"line":367,"column":40}},"167":{"start":{"line":368,"column":4},"end":{"line":368,"column":32}},"168":{"start":{"line":369,"column":4},"end":{"line":369,"column":33}},"169":{"start":{"line":373,"column":2},"end":{"line":373,"column":40}},"170":{"start":{"line":377,"column":2},"end":{"line":397,"column":4}},"171":{"start":{"line":379,"column":28},"end":{"line":385,"column":5}},"172":{"start":{"line":380,"column":6},"end":{"line":380,"column":28}},"173":{"start":{"line":381,"column":6},"end":{"line":381,"column":35}},"174":{"start":{"line":382,"column":6},"end":{"line":382,"column":30}},"175":{"start":{"line":383,"column":6},"end":{"line":383,"column":31}},"176":{"start":{"line":384,"column":6},"end":{"line":384,"column":55}},"177":{"start":{"line":387,"column":4},"end":{"line":395,"column":5}},"178":{"start":{"line":389,"column":6},"end":{"line":389,"column":24}},"179":{"start":{"line":392,"column":6},"end":{"line":394,"column":7}},"180":{"start":{"line":393,"column":8},"end":{"line":393,"column":26}},"181":{"start":{"line":396,"column":4},"end":{"line":396,"column":28}},"182":{"start":{"line":400,"column":2},"end":{"line":421,"column":3}},"183":{"start":{"line":401,"column":20},"end":{"line":401,"column":36}},"184":{"start":{"line":402,"column":4},"end":{"line":402,"column":41}},"185":{"start":{"line":403,"column":4},"end":{"line":403,"column":39}},"186":{"start":{"line":405,"column":4},"end":{"line":420,"column":5}},"187":{"start":{"line":406,"column":6},"end":{"line":406,"column":35}},"188":{"start":{"line":407,"column":6},"end":{"line":407,"column":28}},"189":{"start":{"line":408,"column":6},"end":{"line":408,"column":35}},"190":{"start":{"line":409,"column":6},"end":{"line":409,"column":30}},"191":{"start":{"line":410,"column":6},"end":{"line":410,"column":31}},"192":{"start":{"line":411,"column":6},"end":{"line":411,"column":55}},"193":{"start":{"line":413,"column":6},"end":{"line":413,"column":30}},"194":{"start":{"line":416,"column":6},"end":{"line":416,"column":35}},"195":{"start":{"line":417,"column":6},"end":{"line":417,"column":30}},"196":{"start":{"line":418,"column":6},"end":{"line":418,"column":31}},"197":{"start":{"line":419,"column":6},"end":{"line":419,"column":55}},"198":{"start":{"line":424,"column":16},"end":{"line":424,"column":30}},"199":{"start":{"line":425,"column":4},"end":{"line":425,"column":29}},"200":{"start":{"line":426,"column":4},"end":{"line":429,"column":5}},"201":{"start":{"line":428,"column":6},"end":{"line":428,"column":35}},"202":{"start":{"line":436,"column":21},"end":{"line":436,"column":40}},"203":{"start":{"line":437,"column":16},"end":{"line":437,"column":30}},"204":{"start":{"line":439,"column":4},"end":{"line":439,"column":32}},"205":{"start":{"line":441,"column":4},"end":{"line":447,"column":5}},"206":{"start":{"line":443,"column":6},"end":{"line":443,"column":35}},"207":{"start":{"line":446,"column":6},"end":{"line":446,"column":50}},"208":{"start":{"line":448,"column":4},"end":{"line":448,"column":47}},"209":{"start":{"line":452,"column":2},"end":{"line":463,"column":4}},"210":{"start":{"line":453,"column":4},"end":{"line":453,"column":35}},"211":{"start":{"line":454,"column":4},"end":{"line":454,"column":37}},"212":{"start":{"line":455,"column":4},"end":{"line":455,"column":34}},"213":{"start":{"line":456,"column":4},"end":{"line":462,"column":6}},"214":{"start":{"line":457,"column":22},"end":{"line":457,"column":54}},"215":{"start":{"line":459,"column":6},"end":{"line":459,"column":26}},"216":{"start":{"line":460,"column":6},"end":{"line":460,"column":37}},"217":{"start":{"line":461,"column":6},"end":{"line":461,"column":35}},"218":{"start":{"line":466,"column":23},"end":{"line":466,"column":48}},"219":{"start":{"line":468,"column":20},"end":{"line":468,"column":44}},"220":{"start":{"line":469,"column":2},"end":{"line":473,"column":3}},"221":{"start":{"line":470,"column":23},"end":{"line":470,"column":46}},"222":{"start":{"line":471,"column":6},"end":{"line":471,"column":43}},"223":{"start":{"line":472,"column":6},"end":{"line":472,"column":29}},"224":{"start":{"line":475,"column":2},"end":{"line":477,"column":5}},"225":{"start":{"line":476,"column":4},"end":{"line":476,"column":52}},"226":{"start":{"line":481,"column":2},"end":{"line":498,"column":4}},"227":{"start":{"line":482,"column":4},"end":{"line":482,"column":35}},"228":{"start":{"line":483,"column":4},"end":{"line":483,"column":44}},"229":{"start":{"line":484,"column":4},"end":{"line":491,"column":7}},"230":{"start":{"line":485,"column":6},"end":{"line":485,"column":27}},"231":{"start":{"line":486,"column":6},"end":{"line":489,"column":7}},"232":{"start":{"line":487,"column":8},"end":{"line":487,"column":39}},"233":{"start":{"line":488,"column":8},"end":{"line":488,"column":15}},"234":{"start":{"line":490,"column":6},"end":{"line":490,"column":54}},"235":{"start":{"line":492,"column":4},"end":{"line":492,"column":70}},"236":{"start":{"line":493,"column":4},"end":{"line":493,"column":38}},"237":{"start":{"line":494,"column":4},"end":{"line":494,"column":33}},"238":{"start":{"line":495,"column":4},"end":{"line":495,"column":27}},"239":{"start":{"line":496,"column":4},"end":{"line":496,"column":36}},"240":{"start":{"line":497,"column":4},"end":{"line":497,"column":35}},"241":{"start":{"line":509,"column":24},"end":{"line":509,"column":53}},"242":{"start":{"line":510,"column":2},"end":{"line":510,"column":42}},"243":{"start":{"line":511,"column":2},"end":{"line":511,"column":34}},"244":{"start":{"line":512,"column":2},"end":{"line":512,"column":50}},"245":{"start":{"line":514,"column":2},"end":{"line":519,"column":3}},"246":{"start":{"line":515,"column":4},"end":{"line":518,"column":5}},"247":{"start":{"line":516,"column":6},"end":{"line":516,"column":62}},"248":{"start":{"line":516,"column":52},"end":{"line":516,"column":60}},"249":{"start":{"line":517,"column":6},"end":{"line":517,"column":29}},"250":{"start":{"line":531,"column":21},"end":{"line":531,"column":32}},"251":{"start":{"line":534,"column":2},"end":{"line":536,"column":5}},"252":{"start":{"line":535,"column":4},"end":{"line":535,"column":74}},"253":{"start":{"line":535,"column":48},"end":{"line":535,"column":72}},"254":{"start":{"line":539,"column":26},"end":{"line":539,"column":61}},"255":{"start":{"line":540,"column":24},"end":{"line":540,"column":57}},"256":{"start":{"line":542,"column":2},"end":{"line":544,"column":3}},"257":{"start":{"line":543,"column":4},"end":{"line":543,"column":86}},"258":{"start":{"line":543,"column":48},"end":{"line":543,"column":84}},"259":{"start":{"line":545,"column":2},"end":{"line":547,"column":3}},"260":{"start":{"line":546,"column":4},"end":{"line":546,"column":84}},"261":{"start":{"line":546,"column":48},"end":{"line":546,"column":82}},"262":{"start":{"line":549,"column":2},"end":{"line":549,"column":49}},"263":{"start":{"line":560,"column":2},"end":{"line":560,"column":61}},"264":{"start":{"line":560,"column":45},"end":{"line":560,"column":59}},"265":{"start":{"line":565,"column":18},"end":{"line":565,"column":55}},"266":{"start":{"line":566,"column":16},"end":{"line":566,"column":51}},"267":{"start":{"line":567,"column":18},"end":{"line":567,"column":55}},"268":{"start":{"line":568,"column":16},"end":{"line":568,"column":51}},"269":{"start":{"line":571,"column":24},"end":{"line":576,"column":3}},"270":{"start":{"line":578,"column":2},"end":{"line":594,"column":3}},"271":{"start":{"line":579,"column":4},"end":{"line":585,"column":7}},"272":{"start":{"line":580,"column":6},"end":{"line":584,"column":7}},"273":{"start":{"line":581,"column":8},"end":{"line":581,"column":46}},"274":{"start":{"line":583,"column":8},"end":{"line":583,"column":46}},"275":{"start":{"line":586,"column":9},"end":{"line":594,"column":3}},"276":{"start":{"line":587,"column":4},"end":{"line":593,"column":7}},"277":{"start":{"line":588,"column":6},"end":{"line":592,"column":7}},"278":{"start":{"line":589,"column":8},"end":{"line":589,"column":39}},"279":{"start":{"line":591,"column":8},"end":{"line":591,"column":39}},"280":{"start":{"line":595,"column":2},"end":{"line":595,"column":29}},"281":{"start":{"line":602,"column":25},"end":{"line":602,"column":65}},"282":{"start":{"line":603,"column":19},"end":{"line":603,"column":55}},"283":{"start":{"line":606,"column":2},"end":{"line":611,"column":5}},"284":{"start":{"line":607,"column":4},"end":{"line":610,"column":6}},"285":{"start":{"line":608,"column":6},"end":{"line":608,"column":33}},"286":{"start":{"line":609,"column":6},"end":{"line":609,"column":22}}},"fnMap":{"0":{"name":"init","decl":{"start":{"line":26,"column":9},"end":{"line":26,"column":13}},"loc":{"start":{"line":26,"column":16},"end":{"line":64,"column":1}},"line":26},"1":{"name":"(anonymous_1)","decl":{"start":{"line":35,"column":29},"end":{"line":35,"column":30}},"loc":{"start":{"line":35,"column":35},"end":{"line":37,"column":3}},"line":35},"2":{"name":"(anonymous_2)","decl":{"start":{"line":41,"column":25},"end":{"line":41,"column":26}},"loc":{"start":{"line":41,"column":31},"end":{"line":55,"column":3}},"line":41},"3":{"name":"(anonymous_3)","decl":{"start":{"line":46,"column":17},"end":{"line":46,"column":18}},"loc":{"start":{"line":46,"column":29},"end":{"line":48,"column":7}},"line":46},"4":{"name":"(anonymous_4)","decl":{"start":{"line":51,"column":17},"end":{"line":51,"column":18}},"loc":{"start":{"line":51,"column":23},"end":{"line":53,"column":7}},"line":51},"5":{"name":"(anonymous_5)","decl":{"start":{"line":58,"column":65},"end":{"line":58,"column":66}},"loc":{"start":{"line":58,"column":71},"end":{"line":60,"column":3}},"line":58},"6":{"name":"(anonymous_6)","decl":{"start":{"line":61,"column":70},"end":{"line":61,"column":71}},"loc":{"start":{"line":61,"column":76},"end":{"line":63,"column":3}},"line":61},"7":{"name":"parseUrlAndSearch","decl":{"start":{"line":66,"column":9},"end":{"line":66,"column":26}},"loc":{"start":{"line":66,"column":29},"end":{"line":75,"column":1}},"line":66},"8":{"name":"sortByCategory","decl":{"start":{"line":93,"column":9},"end":{"line":93,"column":23}},"loc":{"start":{"line":93,"column":34},"end":{"line":103,"column":1}},"line":93},"9":{"name":"updateSortArrows","decl":{"start":{"line":113,"column":9},"end":{"line":113,"column":25}},"loc":{"start":{"line":113,"column":36},"end":{"line":126,"column":1}},"line":113},"10":{"name":"displayList","decl":{"start":{"line":132,"column":9},"end":{"line":132,"column":20}},"loc":{"start":{"line":132,"column":27},"end":{"line":140,"column":1}},"line":132},"11":{"name":"(anonymous_11)","decl":{"start":{"line":137,"column":15},"end":{"line":137,"column":16}},"loc":{"start":{"line":137,"column":25},"end":{"line":139,"column":3}},"line":137},"12":{"name":"createListItem","decl":{"start":{"line":142,"column":9},"end":{"line":142,"column":23}},"loc":{"start":{"line":142,"column":30},"end":{"line":227,"column":1}},"line":142},"13":{"name":"(anonymous_13)","decl":{"start":{"line":156,"column":20},"end":{"line":156,"column":21}},"loc":{"start":{"line":156,"column":29},"end":{"line":165,"column":3}},"line":156},"14":{"name":"(anonymous_14)","decl":{"start":{"line":160,"column":25},"end":{"line":160,"column":26}},"loc":{"start":{"line":160,"column":31},"end":{"line":162,"column":5}},"line":160},"15":{"name":"(anonymous_15)","decl":{"start":{"line":201,"column":25},"end":{"line":201,"column":26}},"loc":{"start":{"line":201,"column":36},"end":{"line":212,"column":3}},"line":201},"16":{"name":"(anonymous_16)","decl":{"start":{"line":215,"column":25},"end":{"line":215,"column":26}},"loc":{"start":{"line":215,"column":31},"end":{"line":217,"column":3}},"line":215},"17":{"name":"(anonymous_17)","decl":{"start":{"line":218,"column":24},"end":{"line":218,"column":25}},"loc":{"start":{"line":218,"column":30},"end":{"line":220,"column":3}},"line":218},"18":{"name":"(anonymous_18)","decl":{"start":{"line":221,"column":21},"end":{"line":221,"column":22}},"loc":{"start":{"line":221,"column":27},"end":{"line":223,"column":3}},"line":221},"19":{"name":"getJournalByTimestamp","decl":{"start":{"line":229,"column":9},"end":{"line":229,"column":30}},"loc":{"start":{"line":229,"column":42},"end":{"line":235,"column":1}},"line":229},"20":{"name":"(anonymous_20)","decl":{"start":{"line":230,"column":35},"end":{"line":230,"column":36}},"loc":{"start":{"line":230,"column":46},"end":{"line":230,"column":74}},"line":230},"21":{"name":"deleteJournal","decl":{"start":{"line":237,"column":9},"end":{"line":237,"column":22}},"loc":{"start":{"line":237,"column":34},"end":{"line":240,"column":1}},"line":237},"22":{"name":"(anonymous_22)","decl":{"start":{"line":238,"column":35},"end":{"line":238,"column":36}},"loc":{"start":{"line":238,"column":46},"end":{"line":238,"column":74}},"line":238},"23":{"name":"getJournalTags","decl":{"start":{"line":242,"column":9},"end":{"line":242,"column":23}},"loc":{"start":{"line":242,"column":26},"end":{"line":247,"column":1}},"line":242},"24":{"name":"deleteTag","decl":{"start":{"line":249,"column":9},"end":{"line":249,"column":18}},"loc":{"start":{"line":249,"column":24},"end":{"line":252,"column":1}},"line":249},"25":{"name":"(anonymous_25)","decl":{"start":{"line":250,"column":35},"end":{"line":250,"column":36}},"loc":{"start":{"line":250,"column":46},"end":{"line":250,"column":58}},"line":250},"26":{"name":"saveJournalTags","decl":{"start":{"line":255,"column":9},"end":{"line":255,"column":24}},"loc":{"start":{"line":255,"column":38},"end":{"line":257,"column":1}},"line":255},"27":{"name":"editJournal","decl":{"start":{"line":263,"column":9},"end":{"line":263,"column":20}},"loc":{"start":{"line":263,"column":25},"end":{"line":499,"column":1}},"line":263},"28":{"name":"(anonymous_28)","decl":{"start":{"line":304,"column":35},"end":{"line":304,"column":36}},"loc":{"start":{"line":304,"column":52},"end":{"line":308,"column":3}},"line":304},"29":{"name":"(anonymous_29)","decl":{"start":{"line":311,"column":24},"end":{"line":311,"column":25}},"loc":{"start":{"line":311,"column":30},"end":{"line":318,"column":3}},"line":311},"30":{"name":"(anonymous_30)","decl":{"start":{"line":320,"column":24},"end":{"line":320,"column":25}},"loc":{"start":{"line":320,"column":30},"end":{"line":331,"column":3}},"line":320},"31":{"name":"(anonymous_31)","decl":{"start":{"line":366,"column":26},"end":{"line":366,"column":27}},"loc":{"start":{"line":366,"column":32},"end":{"line":370,"column":3}},"line":366},"32":{"name":"(anonymous_32)","decl":{"start":{"line":377,"column":25},"end":{"line":377,"column":26}},"loc":{"start":{"line":377,"column":36},"end":{"line":397,"column":3}},"line":377},"33":{"name":"(anonymous_33)","decl":{"start":{"line":379,"column":28},"end":{"line":379,"column":29}},"loc":{"start":{"line":379,"column":34},"end":{"line":385,"column":5}},"line":379},"34":{"name":"(anonymous_34)","decl":{"start":{"line":400,"column":25},"end":{"line":400,"column":26}},"loc":{"start":{"line":400,"column":36},"end":{"line":421,"column":3}},"line":400},"35":{"name":"updateTitleHandler","decl":{"start":{"line":423,"column":11},"end":{"line":423,"column":29}},"loc":{"start":{"line":423,"column":32},"end":{"line":430,"column":3}},"line":423},"36":{"name":"quillUpdateTextHandler","decl":{"start":{"line":435,"column":11},"end":{"line":435,"column":33}},"loc":{"start":{"line":435,"column":36},"end":{"line":449,"column":3}},"line":435},"37":{"name":"(anonymous_37)","decl":{"start":{"line":452,"column":19},"end":{"line":452,"column":20}},"loc":{"start":{"line":452,"column":25},"end":{"line":463,"column":3}},"line":452},"38":{"name":"(anonymous_38)","decl":{"start":{"line":456,"column":24},"end":{"line":456,"column":25}},"loc":{"start":{"line":456,"column":31},"end":{"line":462,"column":5}},"line":456},"39":{"name":"(anonymous_39)","decl":{"start":{"line":475,"column":26},"end":{"line":475,"column":27}},"loc":{"start":{"line":475,"column":33},"end":{"line":477,"column":3}},"line":475},"40":{"name":"(anonymous_40)","decl":{"start":{"line":481,"column":20},"end":{"line":481,"column":21}},"loc":{"start":{"line":481,"column":26},"end":{"line":498,"column":3}},"line":481},"41":{"name":"(anonymous_41)","decl":{"start":{"line":484,"column":21},"end":{"line":484,"column":22}},"loc":{"start":{"line":484,"column":28},"end":{"line":491,"column":5}},"line":484},"42":{"name":"createTag","decl":{"start":{"line":508,"column":9},"end":{"line":508,"column":18}},"loc":{"start":{"line":508,"column":57},"end":{"line":520,"column":1}},"line":508},"43":{"name":"(anonymous_43)","decl":{"start":{"line":514,"column":26},"end":{"line":514,"column":27}},"loc":{"start":{"line":514,"column":37},"end":{"line":519,"column":3}},"line":514},"44":{"name":"(anonymous_44)","decl":{"start":{"line":516,"column":47},"end":{"line":516,"column":48}},"loc":{"start":{"line":516,"column":52},"end":{"line":516,"column":60}},"line":516},"45":{"name":"searchJournal","decl":{"start":{"line":530,"column":9},"end":{"line":530,"column":22}},"loc":{"start":{"line":530,"column":56},"end":{"line":550,"column":1}},"line":530},"46":{"name":"(anonymous_46)","decl":{"start":{"line":534,"column":15},"end":{"line":534,"column":16}},"loc":{"start":{"line":534,"column":22},"end":{"line":536,"column":3}},"line":534},"47":{"name":"(anonymous_47)","decl":{"start":{"line":535,"column":39},"end":{"line":535,"column":40}},"loc":{"start":{"line":535,"column":48},"end":{"line":535,"column":72}},"line":535},"48":{"name":"(anonymous_48)","decl":{"start":{"line":543,"column":39},"end":{"line":543,"column":40}},"loc":{"start":{"line":543,"column":48},"end":{"line":543,"column":84}},"line":543},"49":{"name":"(anonymous_49)","decl":{"start":{"line":546,"column":39},"end":{"line":546,"column":40}},"loc":{"start":{"line":546,"column":48},"end":{"line":546,"column":82}},"line":546},"50":{"name":"parseTags","decl":{"start":{"line":559,"column":9},"end":{"line":559,"column":18}},"loc":{"start":{"line":559,"column":31},"end":{"line":561,"column":1}},"line":559},"51":{"name":"(anonymous_51)","decl":{"start":{"line":560,"column":38},"end":{"line":560,"column":39}},"loc":{"start":{"line":560,"column":45},"end":{"line":560,"column":59}},"line":560},"52":{"name":"updateDisplay","decl":{"start":{"line":570,"column":9},"end":{"line":570,"column":22}},"loc":{"start":{"line":570,"column":25},"end":{"line":596,"column":1}},"line":570},"53":{"name":"(anonymous_53)","decl":{"start":{"line":579,"column":23},"end":{"line":579,"column":24}},"loc":{"start":{"line":579,"column":33},"end":{"line":585,"column":5}},"line":579},"54":{"name":"(anonymous_54)","decl":{"start":{"line":587,"column":23},"end":{"line":587,"column":24}},"loc":{"start":{"line":587,"column":33},"end":{"line":593,"column":5}},"line":587},"55":{"name":"setUpSearch","decl":{"start":{"line":601,"column":9},"end":{"line":601,"column":20}},"loc":{"start":{"line":601,"column":23},"end":{"line":612,"column":1}},"line":601},"56":{"name":"(anonymous_56)","decl":{"start":{"line":606,"column":25},"end":{"line":606,"column":26}},"loc":{"start":{"line":606,"column":36},"end":{"line":611,"column":3}},"line":606},"57":{"name":"(anonymous_57)","decl":{"start":{"line":607,"column":22},"end":{"line":607,"column":23}},"loc":{"start":{"line":607,"column":28},"end":{"line":610,"column":5}},"line":607}},"branchMap":{"0":{"loc":{"start":{"line":44,"column":4},"end":{"line":54,"column":5}},"type":"if","locations":[{"start":{"line":44,"column":4},"end":{"line":54,"column":5}},{"start":{"line":49,"column":11},"end":{"line":54,"column":5}}],"line":44},"1":{"loc":{"start":{"line":68,"column":16},"end":{"line":68,"column":44}},"type":"binary-expr","locations":[{"start":{"line":68,"column":16},"end":{"line":68,"column":38}},{"start":{"line":68,"column":42},"end":{"line":68,"column":44}}],"line":68},"2":{"loc":{"start":{"line":69,"column":15},"end":{"line":69,"column":76}},"type":"cond-expr","locations":[{"start":{"line":69,"column":39},"end":{"line":69,"column":71}},{"start":{"line":69,"column":74},"end":{"line":69,"column":76}}],"line":69},"3":{"loc":{"start":{"line":70,"column":20},"end":{"line":70,"column":52}},"type":"binary-expr","locations":[{"start":{"line":70,"column":20},"end":{"line":70,"column":46}},{"start":{"line":70,"column":50},"end":{"line":70,"column":52}}],"line":70},"4":{"loc":{"start":{"line":71,"column":18},"end":{"line":71,"column":48}},"type":"binary-expr","locations":[{"start":{"line":71,"column":18},"end":{"line":71,"column":42}},{"start":{"line":71,"column":46},"end":{"line":71,"column":48}}],"line":71},"5":{"loc":{"start":{"line":94,"column":2},"end":{"line":100,"column":3}},"type":"if","locations":[{"start":{"line":94,"column":2},"end":{"line":100,"column":3}},{"start":{"line":97,"column":9},"end":{"line":100,"column":3}}],"line":94},"6":{"loc":{"start":{"line":97,"column":9},"end":{"line":100,"column":3}},"type":"if","locations":[{"start":{"line":97,"column":9},"end":{"line":100,"column":3}},{"start":{},"end":{}}],"line":97},"7":{"loc":{"start":{"line":117,"column":2},"end":{"line":125,"column":3}},"type":"if","locations":[{"start":{"line":117,"column":2},"end":{"line":125,"column":3}},{"start":{"line":120,"column":9},"end":{"line":125,"column":3}}],"line":117},"8":{"loc":{"start":{"line":118,"column":30},"end":{"line":118,"column":72}},"type":"cond-expr","locations":[{"start":{"line":118,"column":51},"end":{"line":118,"column":60}},{"start":{"line":118,"column":63},"end":{"line":118,"column":72}}],"line":118},"9":{"loc":{"start":{"line":120,"column":9},"end":{"line":125,"column":3}},"type":"if","locations":[{"start":{"line":120,"column":9},"end":{"line":125,"column":3}},{"start":{},"end":{}}],"line":120},"10":{"loc":{"start":{"line":121,"column":35},"end":{"line":123,"column":17}},"type":"cond-expr","locations":[{"start":{"line":122,"column":8},"end":{"line":122,"column":17}},{"start":{"line":123,"column":8},"end":{"line":123,"column":17}}],"line":121},"11":{"loc":{"start":{"line":202,"column":4},"end":{"line":210,"column":5}},"type":"if","locations":[{"start":{"line":202,"column":4},"end":{"line":210,"column":5}},{"start":{},"end":{}}],"line":202},"12":{"loc":{"start":{"line":231,"column":2},"end":{"line":234,"column":24}},"type":"if","locations":[{"start":{"line":231,"column":2},"end":{"line":234,"column":24}},{"start":{"line":234,"column":9},"end":{"line":234,"column":24}}],"line":231},"13":{"loc":{"start":{"line":243,"column":2},"end":{"line":245,"column":3}},"type":"if","locations":[{"start":{"line":243,"column":2},"end":{"line":245,"column":3}},{"start":{},"end":{}}],"line":243},"14":{"loc":{"start":{"line":299,"column":2},"end":{"line":301,"column":3}},"type":"if","locations":[{"start":{"line":299,"column":2},"end":{"line":301,"column":3}},{"start":{},"end":{}}],"line":299},"15":{"loc":{"start":{"line":305,"column":4},"end":{"line":307,"column":5}},"type":"if","locations":[{"start":{"line":305,"column":4},"end":{"line":307,"column":5}},{"start":{},"end":{}}],"line":305},"16":{"loc":{"start":{"line":312,"column":4},"end":{"line":317,"column":5}},"type":"if","locations":[{"start":{"line":312,"column":4},"end":{"line":317,"column":5}},{"start":{},"end":{}}],"line":312},"17":{"loc":{"start":{"line":323,"column":4},"end":{"line":330,"column":5}},"type":"if","locations":[{"start":{"line":323,"column":4},"end":{"line":330,"column":5}},{"start":{"line":328,"column":11},"end":{"line":330,"column":5}}],"line":323},"18":{"loc":{"start":{"line":338,"column":2},"end":{"line":354,"column":3}},"type":"if","locations":[{"start":{"line":338,"column":2},"end":{"line":354,"column":3}},{"start":{},"end":{}}],"line":338},"19":{"loc":{"start":{"line":387,"column":4},"end":{"line":395,"column":5}},"type":"if","locations":[{"start":{"line":387,"column":4},"end":{"line":395,"column":5}},{"start":{"line":390,"column":11},"end":{"line":395,"column":5}}],"line":387},"20":{"loc":{"start":{"line":392,"column":6},"end":{"line":394,"column":7}},"type":"if","locations":[{"start":{"line":392,"column":6},"end":{"line":394,"column":7}},{"start":{},"end":{}}],"line":392},"21":{"loc":{"start":{"line":405,"column":4},"end":{"line":420,"column":5}},"type":"if","locations":[{"start":{"line":405,"column":4},"end":{"line":420,"column":5}},{"start":{"line":415,"column":9},"end":{"line":420,"column":5}}],"line":405},"22":{"loc":{"start":{"line":426,"column":4},"end":{"line":429,"column":5}},"type":"if","locations":[{"start":{"line":426,"column":4},"end":{"line":429,"column":5}},{"start":{},"end":{}}],"line":426},"23":{"loc":{"start":{"line":441,"column":4},"end":{"line":447,"column":5}},"type":"if","locations":[{"start":{"line":441,"column":4},"end":{"line":447,"column":5}},{"start":{"line":445,"column":11},"end":{"line":447,"column":5}}],"line":441},"24":{"loc":{"start":{"line":469,"column":9},"end":{"line":469,"column":46}},"type":"binary-expr","locations":[{"start":{"line":469,"column":9},"end":{"line":469,"column":20}},{"start":{"line":469,"column":24},"end":{"line":469,"column":46}}],"line":469},"25":{"loc":{"start":{"line":486,"column":6},"end":{"line":489,"column":7}},"type":"if","locations":[{"start":{"line":486,"column":6},"end":{"line":489,"column":7}},{"start":{},"end":{}}],"line":486},"26":{"loc":{"start":{"line":515,"column":4},"end":{"line":518,"column":5}},"type":"if","locations":[{"start":{"line":515,"column":4},"end":{"line":518,"column":5}},{"start":{},"end":{}}],"line":515},"27":{"loc":{"start":{"line":542,"column":2},"end":{"line":544,"column":3}},"type":"if","locations":[{"start":{"line":542,"column":2},"end":{"line":544,"column":3}},{"start":{},"end":{}}],"line":542},"28":{"loc":{"start":{"line":545,"column":2},"end":{"line":547,"column":3}},"type":"if","locations":[{"start":{"line":545,"column":2},"end":{"line":547,"column":3}},{"start":{},"end":{}}],"line":545},"29":{"loc":{"start":{"line":578,"column":2},"end":{"line":594,"column":3}},"type":"if","locations":[{"start":{"line":578,"column":2},"end":{"line":594,"column":3}},{"start":{"line":586,"column":9},"end":{"line":594,"column":3}}],"line":578},"30":{"loc":{"start":{"line":580,"column":6},"end":{"line":584,"column":7}},"type":"if","locations":[{"start":{"line":580,"column":6},"end":{"line":584,"column":7}},{"start":{"line":582,"column":13},"end":{"line":584,"column":7}}],"line":580},"31":{"loc":{"start":{"line":586,"column":9},"end":{"line":594,"column":3}},"type":"if","locations":[{"start":{"line":586,"column":9},"end":{"line":594,"column":3}},{"start":{},"end":{}}],"line":586},"32":{"loc":{"start":{"line":588,"column":6},"end":{"line":592,"column":7}},"type":"if","locations":[{"start":{"line":588,"column":6},"end":{"line":592,"column":7}},{"start":{"line":590,"column":13},"end":{"line":592,"column":7}}],"line":588}},"s":{"0":0,"1":0,"2":0,"3":0,"4":0,"5":0,"6":0,"7":0,"8":0,"9":0,"10":0,"11":0,"12":0,"13":0,"14":0,"15":0,"16":0,"17":0,"18":0,"19":0,"20":0,"21":0,"22":0,"23":0,"24":0,"25":0,"26":0,"27":0,"28":0,"29":0,"30":0,"31":0,"32":0,"33":0,"34":0,"35":0,"36":0,"37":0,"38":0,"39":0,"40":0,"41":0,"42":0,"43":0,"44":0,"45":0,"46":0,"47":0,"48":0,"49":0,"50":0,"51":0,"52":0,"53":0,"54":0,"55":0,"56":0,"57":0,"58":0,"59":0,"60":0,"61":0,"62":0,"63":0,"64":0,"65":0,"66":0,"67":0,"68":0,"69":0,"70":0,"71":0,"72":0,"73":0,"74":0,"75":0,"76":0,"77":0,"78":0,"79":0,"80":0,"81":0,"82":0,"83":0,"84":0,"85":0,"86":0,"87":0,"88":0,"89":0,"90":0,"91":0,"92":0,"93":0,"94":0,"95":0,"96":0,"97":0,"98":0,"99":0,"100":0,"101":0,"102":0,"103":0,"104":0,"105":0,"106":0,"107":0,"108":0,"109":0,"110":0,"111":0,"112":0,"113":0,"114":0,"115":0,"116":0,"117":0,"118":0,"119":0,"120":0,"121":0,"122":0,"123":0,"124":0,"125":0,"126":0,"127":0,"128":0,"129":0,"130":0,"131":0,"132":0,"133":0,"134":0,"135":0,"136":0,"137":0,"138":0,"139":0,"140":0,"141":0,"142":0,"143":0,"144":0,"145":0,"146":0,"147":0,"148":0,"149":0,"150":0,"151":0,"152":0,"153":0,"154":0,"155":0,"156":0,"157":0,"158":0,"159":0,"160":0,"161":0,"162":0,"163":0,"164":0,"165":0,"166":0,"167":0,"168":0,"169":0,"170":0,"171":0,"172":0,"173":0,"174":0,"175":0,"176":0,"177":0,"178":0,"179":0,"180":0,"181":0,"182":0,"183":0,"184":0,"185":0,"186":0,"187":0,"188":0,"189":0,"190":0,"191":0,"192":0,"193":0,"194":0,"195":0,"196":0,"197":0,"198":0,"199":0,"200":0,"201":0,"202":0,"203":0,"204":0,"205":0,"206":0,"207":0,"208":0,"209":0,"210":0,"211":0,"212":0,"213":0,"214":0,"215":0,"216":0,"217":0,"218":0,"219":0,"220":0,"221":0,"222":0,"223":0,"224":0,"225":0,"226":0,"227":0,"228":0,"229":0,"230":0,"231":0,"232":0,"233":0,"234":0,"235":0,"236":0,"237":0,"238":0,"239":0,"240":0,"241":0,"242":0,"243":0,"244":0,"245":0,"246":0,"247":0,"248":0,"249":0,"250":0,"251":0,"252":0,"253":0,"254":0,"255":0,"256":0,"257":0,"258":0,"259":0,"260":0,"261":0,"262":0,"263":0,"264":0,"265":0,"266":0,"267":0,"268":0,"269":0,"270":0,"271":0,"272":0,"273":0,"274":0,"275":0,"276":0,"277":0,"278":0,"279":0,"280":0,"281":0,"282":0,"283":0,"284":0,"285":0,"286":0},"f":{"0":0,"1":0,"2":0,"3":0,"4":0,"5":0,"6":0,"7":0,"8":0,"9":0,"10":0,"11":0,"12":0,"13":0,"14":0,"15":0,"16":0,"17":0,"18":0,"19":0,"20":0,"21":0,"22":0,"23":0,"24":0,"25":0,"26":0,"27":0,"28":0,"29":0,"30":0,"31":0,"32":0,"33":0,"34":0,"35":0,"36":0,"37":0,"38":0,"39":0,"40":0,"41":0,"42":0,"43":0,"44":0,"45":0,"46":0,"47":0,"48":0,"49":0,"50":0,"51":0,"52":0,"53":0,"54":0,"55":0,"56":0,"57":0},"b":{"0":[0,0],"1":[0,0],"2":[0,0],"3":[0,0],"4":[0,0],"5":[0,0],"6":[0,0],"7":[0,0],"8":[0,0],"9":[0,0],"10":[0,0],"11":[0,0],"12":[0,0],"13":[0,0],"14":[0,0],"15":[0,0],"16":[0,0],"17":[0,0],"18":[0,0],"19":[0,0],"20":[0,0],"21":[0,0],"22":[0,0],"23":[0,0],"24":[0,0],"25":[0,0],"26":[0,0],"27":[0,0],"28":[0,0],"29":[0,0],"30":[0,0],"31":[0,0],"32":[0,0]}}
,"/Users/frankiechiu/cse110-sp24-group22/src/scripts/main.js": {"path":"/Users/frankiechiu/cse110-sp24-group22/src/scripts/main.js","statementMap":{"0":{"start":{"line":12,"column":18},"end":{"line":12,"column":34}},"1":{"start":{"line":13,"column":15},"end":{"line":13,"column":17}},"2":{"start":{"line":14,"column":20},"end":{"line":14,"column":30}},"3":{"start":{"line":15,"column":24},"end":{"line":15,"column":123}},"4":{"start":{"line":17,"column":0},"end":{"line":20,"column":3}},"5":{"start":{"line":18,"column":4},"end":{"line":18,"column":11}},"6":{"start":{"line":19,"column":4},"end":{"line":19,"column":24}},"7":{"start":{"line":26,"column":24},"end":{"line":26,"column":55}},"8":{"start":{"line":27,"column":27},"end":{"line":27,"column":61}},"9":{"start":{"line":28,"column":4},"end":{"line":28,"column":35}},"10":{"start":{"line":31,"column":28},"end":{"line":31,"column":38}},"11":{"start":{"line":32,"column":8},"end":{"line":32,"column":92}},"12":{"start":{"line":33,"column":8},"end":{"line":33,"column":74}},"13":{"start":{"line":37,"column":4},"end":{"line":37,"column":17}},"14":{"start":{"line":40,"column":4},"end":{"line":40,"column":35}},"15":{"start":{"line":41,"column":4},"end":{"line":41,"column":24}},"16":{"start":{"line":42,"column":4},"end":{"line":42,"column":22}},"17":{"start":{"line":43,"column":4},"end":{"line":43,"column":23}},"18":{"start":{"line":50,"column":14},"end":{"line":50,"column":54}},"19":{"start":{"line":51,"column":4},"end":{"line":53,"column":6}},"20":{"start":{"line":52,"column":8},"end":{"line":52,"column":22}},"21":{"start":{"line":58,"column":26},"end":{"line":58,"column":67}},"22":{"start":{"line":60,"column":18},"end":{"line":60,"column":55}},"23":{"start":{"line":68,"column":2},"end":{"line":68,"column":35}},"24":{"start":{"line":70,"column":2},"end":{"line":72,"column":5}},"25":{"start":{"line":71,"column":4},"end":{"line":71,"column":34}},"26":{"start":{"line":81,"column":20},"end":{"line":81,"column":48}},"27":{"start":{"line":84,"column":2},"end":{"line":84,"column":42}},"28":{"start":{"line":87,"column":16},"end":{"line":87,"column":45}},"29":{"start":{"line":88,"column":2},"end":{"line":88,"column":42}},"30":{"start":{"line":89,"column":2},"end":{"line":89,"column":28}},"31":{"start":{"line":90,"column":2},"end":{"line":90,"column":17}},"32":{"start":{"line":92,"column":2},"end":{"line":92,"column":31}},"33":{"start":{"line":95,"column":24},"end":{"line":95,"column":53}},"34":{"start":{"line":96,"column":2},"end":{"line":96,"column":54}},"35":{"start":{"line":97,"column":2},"end":{"line":97,"column":24}},"36":{"start":{"line":99,"column":2},"end":{"line":99,"column":39}},"37":{"start":{"line":101,"column":18},"end":{"line":101,"column":32}},"38":{"start":{"line":104,"column":2},"end":{"line":106,"column":4}},"39":{"start":{"line":105,"column":4},"end":{"line":105,"column":27}},"40":{"start":{"line":107,"column":2},"end":{"line":112,"column":4}},"41":{"start":{"line":108,"column":4},"end":{"line":111,"column":5}},"42":{"start":{"line":109,"column":6},"end":{"line":109,"column":29}},"43":{"start":{"line":110,"column":6},"end":{"line":110,"column":29}},"44":{"start":{"line":115,"column":2},"end":{"line":115,"column":43}},"45":{"start":{"line":121,"column":4},"end":{"line":121,"column":35}},"46":{"start":{"line":128,"column":15},"end":{"line":128,"column":38}},"47":{"start":{"line":129,"column":18},"end":{"line":136,"column":5}},"48":{"start":{"line":138,"column":4},"end":{"line":140,"column":24}},"49":{"start":{"line":148,"column":2},"end":{"line":148,"column":37}},"50":{"start":{"line":155,"column":14},"end":{"line":155,"column":29}},"51":{"start":{"line":156,"column":24},"end":{"line":156,"column":62}},"52":{"start":{"line":157,"column":2},"end":{"line":166,"column":3}},"53":{"start":{"line":159,"column":4},"end":{"line":159,"column":47}},"54":{"start":{"line":160,"column":4},"end":{"line":160,"column":55}},"55":{"start":{"line":161,"column":4},"end":{"line":161,"column":46}},"56":{"start":{"line":164,"column":4},"end":{"line":164,"column":45}},"57":{"start":{"line":165,"column":4},"end":{"line":165,"column":42}},"58":{"start":{"line":176,"column":16},"end":{"line":176,"column":55}},"59":{"start":{"line":178,"column":22},"end":{"line":178,"column":59}},"60":{"start":{"line":180,"column":19},"end":{"line":180,"column":58}},"61":{"start":{"line":182,"column":23},"end":{"line":182,"column":61}},"62":{"start":{"line":184,"column":23},"end":{"line":184,"column":61}},"63":{"start":{"line":189,"column":17},"end":{"line":189,"column":59}},"64":{"start":{"line":191,"column":19},"end":{"line":191,"column":55}},"65":{"start":{"line":193,"column":22},"end":{"line":193,"column":62}},"66":{"start":{"line":195,"column":18},"end":{"line":195,"column":53}},"67":{"start":{"line":197,"column":18},"end":{"line":197,"column":53}},"68":{"start":{"line":199,"column":22},"end":{"line":199,"column":57}},"69":{"start":{"line":201,"column":2},"end":{"line":201,"column":34}},"70":{"start":{"line":202,"column":2},"end":{"line":202,"column":33}},"71":{"start":{"line":205,"column":2},"end":{"line":205,"column":32}},"72":{"start":{"line":208,"column":2},"end":{"line":210,"column":3}},"73":{"start":{"line":209,"column":4},"end":{"line":209,"column":52}},"74":{"start":{"line":212,"column":2},"end":{"line":216,"column":5}},"75":{"start":{"line":213,"column":4},"end":{"line":215,"column":5}},"76":{"start":{"line":214,"column":6},"end":{"line":214,"column":35}},"77":{"start":{"line":219,"column":2},"end":{"line":225,"column":3}},"78":{"start":{"line":220,"column":4},"end":{"line":224,"column":5}},"79":{"start":{"line":221,"column":6},"end":{"line":221,"column":35}},"80":{"start":{"line":222,"column":6},"end":{"line":222,"column":24}},"81":{"start":{"line":223,"column":6},"end":{"line":223,"column":35}},"82":{"start":{"line":228,"column":2},"end":{"line":238,"column":4}},"83":{"start":{"line":229,"column":4},"end":{"line":229,"column":25}},"84":{"start":{"line":230,"column":4},"end":{"line":230,"column":29}},"85":{"start":{"line":231,"column":4},"end":{"line":237,"column":7}},"86":{"start":{"line":232,"column":6},"end":{"line":232,"column":35}},"87":{"start":{"line":233,"column":6},"end":{"line":233,"column":55}},"88":{"start":{"line":234,"column":6},"end":{"line":234,"column":23}},"89":{"start":{"line":236,"column":8},"end":{"line":236,"column":54}},"90":{"start":{"line":241,"column":21},"end":{"line":241,"column":26}},"91":{"start":{"line":243,"column":2},"end":{"line":258,"column":3}},"92":{"start":{"line":244,"column":4},"end":{"line":244,"column":24}},"93":{"start":{"line":245,"column":4},"end":{"line":245,"column":30}},"94":{"start":{"line":246,"column":4},"end":{"line":253,"column":6}},"95":{"start":{"line":255,"column":4},"end":{"line":255,"column":24}},"96":{"start":{"line":256,"column":4},"end":{"line":256,"column":33}},"97":{"start":{"line":257,"column":4},"end":{"line":257,"column":33}},"98":{"start":{"line":260,"column":2},"end":{"line":260,"column":41}},"99":{"start":{"line":262,"column":17},"end":{"line":262,"column":37}},"100":{"start":{"line":264,"column":26},"end":{"line":264,"column":42}},"101":{"start":{"line":265,"column":24},"end":{"line":265,"column":40}},"102":{"start":{"line":266,"column":27},"end":{"line":266,"column":46}},"103":{"start":{"line":268,"column":2},"end":{"line":268,"column":39}},"104":{"start":{"line":269,"column":2},"end":{"line":269,"column":36}},"105":{"start":{"line":271,"column":2},"end":{"line":271,"column":50}},"106":{"start":{"line":274,"column":2},"end":{"line":274,"column":40}},"107":{"start":{"line":277,"column":2},"end":{"line":292,"column":4}},"108":{"start":{"line":278,"column":28},"end":{"line":283,"column":5}},"109":{"start":{"line":279,"column":6},"end":{"line":279,"column":28}},"110":{"start":{"line":280,"column":6},"end":{"line":280,"column":35}},"111":{"start":{"line":281,"column":6},"end":{"line":281,"column":55}},"112":{"start":{"line":282,"column":6},"end":{"line":282,"column":23}},"113":{"start":{"line":284,"column":4},"end":{"line":290,"column":5}},"114":{"start":{"line":285,"column":6},"end":{"line":285,"column":24}},"115":{"start":{"line":287,"column":6},"end":{"line":289,"column":7}},"116":{"start":{"line":288,"column":8},"end":{"line":288,"column":26}},"117":{"start":{"line":291,"column":4},"end":{"line":291,"column":28}},"118":{"start":{"line":295,"column":2},"end":{"line":313,"column":3}},"119":{"start":{"line":296,"column":20},"end":{"line":296,"column":36}},"120":{"start":{"line":297,"column":4},"end":{"line":297,"column":41}},"121":{"start":{"line":298,"column":4},"end":{"line":298,"column":39}},"122":{"start":{"line":299,"column":4},"end":{"line":299,"column":45}},"123":{"start":{"line":301,"column":4},"end":{"line":312,"column":5}},"124":{"start":{"line":302,"column":6},"end":{"line":302,"column":35}},"125":{"start":{"line":303,"column":6},"end":{"line":303,"column":28}},"126":{"start":{"line":304,"column":6},"end":{"line":304,"column":35}},"127":{"start":{"line":305,"column":6},"end":{"line":305,"column":55}},"128":{"start":{"line":307,"column":6},"end":{"line":307,"column":30}},"129":{"start":{"line":310,"column":6},"end":{"line":310,"column":35}},"130":{"start":{"line":311,"column":6},"end":{"line":311,"column":55}},"131":{"start":{"line":319,"column":16},"end":{"line":319,"column":30}},"132":{"start":{"line":320,"column":4},"end":{"line":320,"column":29}},"133":{"start":{"line":321,"column":4},"end":{"line":325,"column":5}},"134":{"start":{"line":323,"column":6},"end":{"line":323,"column":49}},"135":{"start":{"line":324,"column":6},"end":{"line":324,"column":35}},"136":{"start":{"line":332,"column":21},"end":{"line":332,"column":40}},"137":{"start":{"line":333,"column":16},"end":{"line":333,"column":30}},"138":{"start":{"line":335,"column":4},"end":{"line":335,"column":32}},"139":{"start":{"line":337,"column":4},"end":{"line":341,"column":5}},"140":{"start":{"line":339,"column":6},"end":{"line":339,"column":49}},"141":{"start":{"line":340,"column":6},"end":{"line":340,"column":35}},"142":{"start":{"line":345,"column":2},"end":{"line":356,"column":4}},"143":{"start":{"line":346,"column":4},"end":{"line":346,"column":35}},"144":{"start":{"line":347,"column":4},"end":{"line":347,"column":37}},"145":{"start":{"line":348,"column":4},"end":{"line":348,"column":34}},"146":{"start":{"line":349,"column":4},"end":{"line":355,"column":6}},"147":{"start":{"line":350,"column":22},"end":{"line":350,"column":54}},"148":{"start":{"line":352,"column":6},"end":{"line":352,"column":26}},"149":{"start":{"line":353,"column":6},"end":{"line":353,"column":37}},"150":{"start":{"line":354,"column":6},"end":{"line":354,"column":35}},"151":{"start":{"line":359,"column":23},"end":{"line":359,"column":48}},"152":{"start":{"line":361,"column":20},"end":{"line":361,"column":44}},"153":{"start":{"line":362,"column":2},"end":{"line":366,"column":3}},"154":{"start":{"line":363,"column":23},"end":{"line":363,"column":46}},"155":{"start":{"line":364,"column":6},"end":{"line":364,"column":43}},"156":{"start":{"line":365,"column":6},"end":{"line":365,"column":29}},"157":{"start":{"line":368,"column":2},"end":{"line":370,"column":5}},"158":{"start":{"line":369,"column":4},"end":{"line":369,"column":52}},"159":{"start":{"line":374,"column":2},"end":{"line":391,"column":4}},"160":{"start":{"line":375,"column":4},"end":{"line":375,"column":35}},"161":{"start":{"line":376,"column":4},"end":{"line":376,"column":44}},"162":{"start":{"line":377,"column":4},"end":{"line":384,"column":7}},"163":{"start":{"line":378,"column":6},"end":{"line":378,"column":27}},"164":{"start":{"line":379,"column":6},"end":{"line":382,"column":7}},"165":{"start":{"line":380,"column":8},"end":{"line":380,"column":39}},"166":{"start":{"line":381,"column":8},"end":{"line":381,"column":15}},"167":{"start":{"line":383,"column":6},"end":{"line":383,"column":54}},"168":{"start":{"line":385,"column":4},"end":{"line":385,"column":70}},"169":{"start":{"line":386,"column":4},"end":{"line":386,"column":38}},"170":{"start":{"line":387,"column":4},"end":{"line":387,"column":33}},"171":{"start":{"line":388,"column":4},"end":{"line":388,"column":27}},"172":{"start":{"line":389,"column":4},"end":{"line":389,"column":36}},"173":{"start":{"line":390,"column":4},"end":{"line":390,"column":35}},"174":{"start":{"line":400,"column":16},"end":{"line":400,"column":73}},"175":{"start":{"line":400,"column":44},"end":{"line":400,"column":72}},"176":{"start":{"line":401,"column":2},"end":{"line":404,"column":24}},"177":{"start":{"line":402,"column":4},"end":{"line":402,"column":79}},"178":{"start":{"line":403,"column":4},"end":{"line":403,"column":21}},"179":{"start":{"line":404,"column":9},"end":{"line":404,"column":24}},"180":{"start":{"line":412,"column":2},"end":{"line":412,"column":76}},"181":{"start":{"line":412,"column":46},"end":{"line":412,"column":74}},"182":{"start":{"line":413,"column":2},"end":{"line":413,"column":31}},"183":{"start":{"line":414,"column":2},"end":{"line":414,"column":20}},"184":{"start":{"line":424,"column":2},"end":{"line":424,"column":28}},"185":{"start":{"line":433,"column":22},"end":{"line":440,"column":3}},"186":{"start":{"line":442,"column":25},"end":{"line":442,"column":26}},"187":{"start":{"line":443,"column":19},"end":{"line":443,"column":58}},"188":{"start":{"line":444,"column":2},"end":{"line":444,"column":80}},"189":{"start":{"line":452,"column":21},"end":{"line":452,"column":43}},"190":{"start":{"line":453,"column":47},"end":{"line":453,"column":72}},"191":{"start":{"line":454,"column":28},"end":{"line":454,"column":70}},"192":{"start":{"line":457,"column":2},"end":{"line":457,"column":46}},"193":{"start":{"line":459,"column":2},"end":{"line":480,"column":3}},"194":{"start":{"line":461,"column":4},"end":{"line":461,"column":32}},"195":{"start":{"line":462,"column":4},"end":{"line":462,"column":45}},"196":{"start":{"line":463,"column":4},"end":{"line":463,"column":33}},"197":{"start":{"line":464,"column":4},"end":{"line":464,"column":65}},"198":{"start":{"line":468,"column":4},"end":{"line":468,"column":46}},"199":{"start":{"line":469,"column":4},"end":{"line":479,"column":13}},"200":{"start":{"line":471,"column":6},"end":{"line":471,"column":34}},"201":{"start":{"line":472,"column":6},"end":{"line":472,"column":47}},"202":{"start":{"line":474,"column":6},"end":{"line":476,"column":15}},"203":{"start":{"line":475,"column":8},"end":{"line":475,"column":53}},"204":{"start":{"line":477,"column":6},"end":{"line":477,"column":35}},"205":{"start":{"line":478,"column":6},"end":{"line":478,"column":67}},"206":{"start":{"line":487,"column":21},"end":{"line":487,"column":43}},"207":{"start":{"line":488,"column":37},"end":{"line":488,"column":62}},"208":{"start":{"line":489,"column":28},"end":{"line":489,"column":70}},"209":{"start":{"line":490,"column":2},"end":{"line":490,"column":30}},"210":{"start":{"line":491,"column":2},"end":{"line":491,"column":43}},"211":{"start":{"line":500,"column":19},"end":{"line":500,"column":23}},"212":{"start":{"line":503,"column":26},"end":{"line":503,"column":63}},"213":{"start":{"line":505,"column":32},"end":{"line":507,"column":2}},"214":{"start":{"line":506,"column":4},"end":{"line":506,"column":18}},"215":{"start":{"line":508,"column":0},"end":{"line":508,"column":51}},"216":{"start":{"line":511,"column":15},"end":{"line":511,"column":54}},"217":{"start":{"line":512,"column":2},"end":{"line":512,"column":35}},"218":{"start":{"line":514,"column":2},"end":{"line":514,"column":16}},"219":{"start":{"line":517,"column":15},"end":{"line":517,"column":17}},"220":{"start":{"line":520,"column":10},"end":{"line":520,"column":20}},"221":{"start":{"line":521,"column":10},"end":{"line":521,"column":20}},"222":{"start":{"line":522,"column":10},"end":{"line":522,"column":20}},"223":{"start":{"line":524,"column":2},"end":{"line":524,"column":35}},"224":{"start":{"line":525,"column":2},"end":{"line":525,"column":35}},"225":{"start":{"line":526,"column":2},"end":{"line":526,"column":35}},"226":{"start":{"line":528,"column":2},"end":{"line":528,"column":118}},"227":{"start":{"line":531,"column":0},"end":{"line":533,"column":1}},"228":{"start":{"line":531,"column":13},"end":{"line":531,"column":14}},"229":{"start":{"line":532,"column":2},"end":{"line":532,"column":26}},"230":{"start":{"line":537,"column":17},"end":{"line":537,"column":61}},"231":{"start":{"line":538,"column":27},"end":{"line":538,"column":44}},"232":{"start":{"line":539,"column":4},"end":{"line":539,"column":33}},"233":{"start":{"line":540,"column":4},"end":{"line":540,"column":33}},"234":{"start":{"line":544,"column":0},"end":{"line":544,"column":51}},"235":{"start":{"line":547,"column":2},"end":{"line":550,"column":5}},"236":{"start":{"line":548,"column":24},"end":{"line":548,"column":51}},"237":{"start":{"line":549,"column":4},"end":{"line":549,"column":98}},"238":{"start":{"line":554,"column":2},"end":{"line":556,"column":3}},"239":{"start":{"line":555,"column":4},"end":{"line":555,"column":11}},"240":{"start":{"line":557,"column":19},"end":{"line":557,"column":84}},"241":{"start":{"line":559,"column":16},"end":{"line":559,"column":30}},"242":{"start":{"line":560,"column":17},"end":{"line":560,"column":32}},"243":{"start":{"line":563,"column":17},"end":{"line":563,"column":46}},"244":{"start":{"line":564,"column":4},"end":{"line":564,"column":33}},"245":{"start":{"line":565,"column":4},"end":{"line":565,"column":37}},"246":{"start":{"line":568,"column":20},"end":{"line":568,"column":27}},"247":{"start":{"line":569,"column":20},"end":{"line":569,"column":27}},"248":{"start":{"line":571,"column":4},"end":{"line":571,"column":49}},"249":{"start":{"line":572,"column":4},"end":{"line":572,"column":49}},"250":{"start":{"line":574,"column":4},"end":{"line":574,"column":16}},"251":{"start":{"line":577,"column":2},"end":{"line":577,"column":35}},"252":{"start":{"line":579,"column":14},"end":{"line":579,"column":15}},"253":{"start":{"line":580,"column":2},"end":{"line":639,"column":3}},"254":{"start":{"line":581,"column":18},"end":{"line":581,"column":20}},"255":{"start":{"line":583,"column":4},"end":{"line":634,"column":5}},"256":{"start":{"line":583,"column":17},"end":{"line":583,"column":18}},"257":{"start":{"line":584,"column":6},"end":{"line":586,"column":7}},"258":{"start":{"line":585,"column":8},"end":{"line":585,"column":14}},"259":{"start":{"line":588,"column":21},"end":{"line":588,"column":51}},"260":{"start":{"line":590,"column":19},"end":{"line":590,"column":23}},"261":{"start":{"line":592,"column":19},"end":{"line":594,"column":43}},"262":{"start":{"line":596,"column":22},"end":{"line":596,"column":48}},"263":{"start":{"line":598,"column":6},"end":{"line":598,"column":41}},"264":{"start":{"line":598,"column":32},"end":{"line":598,"column":41}},"265":{"start":{"line":600,"column":19},"end":{"line":600,"column":63}},"266":{"start":{"line":601,"column":24},"end":{"line":601,"column":53}},"267":{"start":{"line":603,"column":6},"end":{"line":603,"column":46}},"268":{"start":{"line":604,"column":6},"end":{"line":604,"column":59}},"269":{"start":{"line":605,"column":6},"end":{"line":605,"column":34}},"270":{"start":{"line":608,"column":8},"end":{"line":608,"column":41}},"271":{"start":{"line":611,"column":6},"end":{"line":611,"column":18}},"272":{"start":{"line":613,"column":6},"end":{"line":613,"column":51}},"273":{"start":{"line":614,"column":6},"end":{"line":616,"column":8}},"274":{"start":{"line":615,"column":8},"end":{"line":615,"column":42}},"275":{"start":{"line":618,"column":6},"end":{"line":620,"column":8}},"276":{"start":{"line":619,"column":8},"end":{"line":619,"column":42}},"277":{"start":{"line":622,"column":6},"end":{"line":628,"column":7}},"278":{"start":{"line":623,"column":8},"end":{"line":623,"column":38}},"279":{"start":{"line":624,"column":8},"end":{"line":624,"column":40}},"280":{"start":{"line":626,"column":8},"end":{"line":626,"column":39}},"281":{"start":{"line":627,"column":8},"end":{"line":627,"column":36}},"282":{"start":{"line":631,"column":6},"end":{"line":631,"column":36}},"283":{"start":{"line":633,"column":6},"end":{"line":633,"column":23}},"284":{"start":{"line":636,"column":4},"end":{"line":638,"column":5}},"285":{"start":{"line":637,"column":6},"end":{"line":637,"column":42}},"286":{"start":{"line":642,"column":0},"end":{"line":642,"column":12}}},"fnMap":{"0":{"name":"dummy","decl":{"start":{"line":7,"column":9},"end":{"line":7,"column":14}},"loc":{"start":{"line":7,"column":17},"end":{"line":7,"column":19}},"line":7},"1":{"name":"(anonymous_1)","decl":{"start":{"line":17,"column":46},"end":{"line":17,"column":47}},"loc":{"start":{"line":17,"column":57},"end":{"line":20,"column":1}},"line":17},"2":{"name":"init","decl":{"start":{"line":25,"column":9},"end":{"line":25,"column":13}},"loc":{"start":{"line":25,"column":16},"end":{"line":44,"column":1}},"line":25},"3":{"name":"updateDate","decl":{"start":{"line":30,"column":13},"end":{"line":30,"column":23}},"loc":{"start":{"line":30,"column":26},"end":{"line":34,"column":5}},"line":30},"4":{"name":"newListOnCanClick","decl":{"start":{"line":49,"column":9},"end":{"line":49,"column":26}},"loc":{"start":{"line":49,"column":29},"end":{"line":54,"column":1}},"line":49},"5":{"name":"(anonymous_5)","decl":{"start":{"line":51,"column":18},"end":{"line":51,"column":19}},"loc":{"start":{"line":51,"column":24},"end":{"line":53,"column":5}},"line":51},"6":{"name":"displayEntryDropdownList","decl":{"start":{"line":66,"column":9},"end":{"line":66,"column":33}},"loc":{"start":{"line":66,"column":40},"end":{"line":73,"column":1}},"line":66},"7":{"name":"(anonymous_7)","decl":{"start":{"line":70,"column":15},"end":{"line":70,"column":16}},"loc":{"start":{"line":70,"column":25},"end":{"line":72,"column":3}},"line":70},"8":{"name":"createEntryDropdownItem","decl":{"start":{"line":79,"column":9},"end":{"line":79,"column":32}},"loc":{"start":{"line":79,"column":39},"end":{"line":142,"column":1}},"line":79},"9":{"name":"(anonymous_9)","decl":{"start":{"line":104,"column":22},"end":{"line":104,"column":23}},"loc":{"start":{"line":104,"column":28},"end":{"line":106,"column":3}},"line":104},"10":{"name":"(anonymous_10)","decl":{"start":{"line":107,"column":24},"end":{"line":107,"column":25}},"loc":{"start":{"line":107,"column":35},"end":{"line":112,"column":3}},"line":107},"11":{"name":"displayTitle","decl":{"start":{"line":120,"column":11},"end":{"line":120,"column":23}},"loc":{"start":{"line":120,"column":26},"end":{"line":122,"column":3}},"line":120},"12":{"name":"displayDateModified","decl":{"start":{"line":127,"column":11},"end":{"line":127,"column":30}},"loc":{"start":{"line":127,"column":33},"end":{"line":141,"column":3}},"line":127},"13":{"name":"setUpHomeSearch","decl":{"start":{"line":147,"column":9},"end":{"line":147,"column":24}},"loc":{"start":{"line":147,"column":27},"end":{"line":149,"column":1}},"line":147},"14":{"name":"updateDropdown","decl":{"start":{"line":154,"column":9},"end":{"line":154,"column":23}},"loc":{"start":{"line":154,"column":26},"end":{"line":167,"column":1}},"line":154},"15":{"name":"editJournal","decl":{"start":{"line":175,"column":9},"end":{"line":175,"column":20}},"loc":{"start":{"line":175,"column":25},"end":{"line":392,"column":1}},"line":175},"16":{"name":"(anonymous_16)","decl":{"start":{"line":212,"column":35},"end":{"line":212,"column":36}},"loc":{"start":{"line":212,"column":52},"end":{"line":216,"column":3}},"line":212},"17":{"name":"(anonymous_17)","decl":{"start":{"line":219,"column":24},"end":{"line":219,"column":25}},"loc":{"start":{"line":219,"column":30},"end":{"line":225,"column":3}},"line":219},"18":{"name":"(anonymous_18)","decl":{"start":{"line":228,"column":24},"end":{"line":228,"column":25}},"loc":{"start":{"line":228,"column":30},"end":{"line":238,"column":3}},"line":228},"19":{"name":"(anonymous_19)","decl":{"start":{"line":277,"column":25},"end":{"line":277,"column":26}},"loc":{"start":{"line":277,"column":36},"end":{"line":292,"column":3}},"line":277},"20":{"name":"(anonymous_20)","decl":{"start":{"line":278,"column":28},"end":{"line":278,"column":29}},"loc":{"start":{"line":278,"column":34},"end":{"line":283,"column":5}},"line":278},"21":{"name":"(anonymous_21)","decl":{"start":{"line":295,"column":25},"end":{"line":295,"column":26}},"loc":{"start":{"line":295,"column":36},"end":{"line":313,"column":3}},"line":295},"22":{"name":"updateTitleHandler","decl":{"start":{"line":318,"column":11},"end":{"line":318,"column":29}},"loc":{"start":{"line":318,"column":32},"end":{"line":326,"column":3}},"line":318},"23":{"name":"quillUpdateTextHandler","decl":{"start":{"line":331,"column":11},"end":{"line":331,"column":33}},"loc":{"start":{"line":331,"column":36},"end":{"line":342,"column":3}},"line":331},"24":{"name":"(anonymous_24)","decl":{"start":{"line":345,"column":19},"end":{"line":345,"column":20}},"loc":{"start":{"line":345,"column":25},"end":{"line":356,"column":3}},"line":345},"25":{"name":"(anonymous_25)","decl":{"start":{"line":349,"column":24},"end":{"line":349,"column":25}},"loc":{"start":{"line":349,"column":31},"end":{"line":355,"column":5}},"line":349},"26":{"name":"(anonymous_26)","decl":{"start":{"line":368,"column":26},"end":{"line":368,"column":27}},"loc":{"start":{"line":368,"column":33},"end":{"line":370,"column":3}},"line":368},"27":{"name":"(anonymous_27)","decl":{"start":{"line":374,"column":20},"end":{"line":374,"column":21}},"loc":{"start":{"line":374,"column":26},"end":{"line":391,"column":3}},"line":374},"28":{"name":"(anonymous_28)","decl":{"start":{"line":377,"column":21},"end":{"line":377,"column":22}},"loc":{"start":{"line":377,"column":28},"end":{"line":384,"column":5}},"line":377},"29":{"name":"getJournalByTimestamp","decl":{"start":{"line":399,"column":9},"end":{"line":399,"column":30}},"loc":{"start":{"line":399,"column":42},"end":{"line":405,"column":1}},"line":399},"30":{"name":"(anonymous_30)","decl":{"start":{"line":400,"column":33},"end":{"line":400,"column":34}},"loc":{"start":{"line":400,"column":44},"end":{"line":400,"column":72}},"line":400},"31":{"name":"deleteJournal","decl":{"start":{"line":411,"column":9},"end":{"line":411,"column":22}},"loc":{"start":{"line":411,"column":34},"end":{"line":415,"column":1}},"line":411},"32":{"name":"(anonymous_32)","decl":{"start":{"line":412,"column":35},"end":{"line":412,"column":36}},"loc":{"start":{"line":412,"column":46},"end":{"line":412,"column":74}},"line":412},"33":{"name":"getJournalEntryCount","decl":{"start":{"line":423,"column":9},"end":{"line":423,"column":29}},"loc":{"start":{"line":423,"column":32},"end":{"line":425,"column":1}},"line":423},"34":{"name":"getPlantImage","decl":{"start":{"line":432,"column":9},"end":{"line":432,"column":22}},"loc":{"start":{"line":432,"column":35},"end":{"line":445,"column":1}},"line":432},"35":{"name":"updatePlantImage","decl":{"start":{"line":451,"column":9},"end":{"line":451,"column":25}},"loc":{"start":{"line":451,"column":28},"end":{"line":481,"column":1}},"line":451},"36":{"name":"(anonymous_36)","decl":{"start":{"line":469,"column":15},"end":{"line":469,"column":16}},"loc":{"start":{"line":469,"column":21},"end":{"line":479,"column":5}},"line":469},"37":{"name":"(anonymous_37)","decl":{"start":{"line":474,"column":17},"end":{"line":474,"column":18}},"loc":{"start":{"line":474,"column":23},"end":{"line":476,"column":7}},"line":474},"38":{"name":"displayPlantImage","decl":{"start":{"line":486,"column":9},"end":{"line":486,"column":26}},"loc":{"start":{"line":486,"column":29},"end":{"line":492,"column":1}},"line":486},"39":{"name":"(anonymous_39)","decl":{"start":{"line":505,"column":51},"end":{"line":505,"column":52}},"loc":{"start":{"line":505,"column":57},"end":{"line":507,"column":1}},"line":505},"40":{"name":"loadRoots","decl":{"start":{"line":510,"column":15},"end":{"line":510,"column":24}},"loc":{"start":{"line":510,"column":27},"end":{"line":515,"column":1}},"line":510},"41":{"name":"getColor","decl":{"start":{"line":519,"column":9},"end":{"line":519,"column":17}},"loc":{"start":{"line":519,"column":20},"end":{"line":529,"column":1}},"line":519},"42":{"name":"loadExampleEntries","decl":{"start":{"line":535,"column":15},"end":{"line":535,"column":33}},"loc":{"start":{"line":535,"column":36},"end":{"line":541,"column":1}},"line":535},"43":{"name":"filterJournalsByDate","decl":{"start":{"line":546,"column":9},"end":{"line":546,"column":29}},"loc":{"start":{"line":546,"column":36},"end":{"line":551,"column":1}},"line":546},"44":{"name":"(anonymous_44)","decl":{"start":{"line":547,"column":28},"end":{"line":547,"column":29}},"loc":{"start":{"line":547,"column":41},"end":{"line":550,"column":3}},"line":547},"45":{"name":"renderRoots","decl":{"start":{"line":553,"column":9},"end":{"line":553,"column":20}},"loc":{"start":{"line":553,"column":23},"end":{"line":640,"column":1}},"line":553},"46":{"name":"createNodeAt","decl":{"start":{"line":562,"column":11},"end":{"line":562,"column":23}},"loc":{"start":{"line":562,"column":30},"end":{"line":575,"column":3}},"line":562},"47":{"name":"hideLabel","decl":{"start":{"line":607,"column":15},"end":{"line":607,"column":24}},"loc":{"start":{"line":607,"column":27},"end":{"line":609,"column":7}},"line":607},"48":{"name":"(anonymous_48)","decl":{"start":{"line":614,"column":21},"end":{"line":614,"column":22}},"loc":{"start":{"line":614,"column":27},"end":{"line":616,"column":7}},"line":614},"49":{"name":"(anonymous_49)","decl":{"start":{"line":618,"column":26},"end":{"line":618,"column":27}},"loc":{"start":{"line":618,"column":32},"end":{"line":620,"column":7}},"line":618}},"branchMap":{"0":{"loc":{"start":{"line":15,"column":24},"end":{"line":15,"column":123}},"type":"cond-expr","locations":[{"start":{"line":15,"column":68},"end":{"line":15,"column":119}},{"start":{"line":15,"column":122},"end":{"line":15,"column":123}}],"line":15},"1":{"loc":{"start":{"line":108,"column":4},"end":{"line":111,"column":5}},"type":"if","locations":[{"start":{"line":108,"column":4},"end":{"line":111,"column":5}},{"start":{},"end":{}}],"line":108},"2":{"loc":{"start":{"line":108,"column":8},"end":{"line":108,"column":53}},"type":"binary-expr","locations":[{"start":{"line":108,"column":8},"end":{"line":108,"column":29}},{"start":{"line":108,"column":33},"end":{"line":108,"column":53}}],"line":108},"3":{"loc":{"start":{"line":157,"column":2},"end":{"line":166,"column":3}},"type":"if","locations":[{"start":{"line":157,"column":2},"end":{"line":166,"column":3}},{"start":{"line":162,"column":9},"end":{"line":166,"column":3}}],"line":157},"4":{"loc":{"start":{"line":157,"column":6},"end":{"line":157,"column":52}},"type":"binary-expr","locations":[{"start":{"line":157,"column":6},"end":{"line":157,"column":22}},{"start":{"line":157,"column":26},"end":{"line":157,"column":52}}],"line":157},"5":{"loc":{"start":{"line":208,"column":2},"end":{"line":210,"column":3}},"type":"if","locations":[{"start":{"line":208,"column":2},"end":{"line":210,"column":3}},{"start":{},"end":{}}],"line":208},"6":{"loc":{"start":{"line":213,"column":4},"end":{"line":215,"column":5}},"type":"if","locations":[{"start":{"line":213,"column":4},"end":{"line":215,"column":5}},{"start":{},"end":{}}],"line":213},"7":{"loc":{"start":{"line":220,"column":4},"end":{"line":224,"column":5}},"type":"if","locations":[{"start":{"line":220,"column":4},"end":{"line":224,"column":5}},{"start":{},"end":{}}],"line":220},"8":{"loc":{"start":{"line":231,"column":4},"end":{"line":237,"column":7}},"type":"if","locations":[{"start":{"line":231,"column":4},"end":{"line":237,"column":7}},{"start":{"line":235,"column":11},"end":{"line":237,"column":7}}],"line":231},"9":{"loc":{"start":{"line":243,"column":2},"end":{"line":258,"column":3}},"type":"if","locations":[{"start":{"line":243,"column":2},"end":{"line":258,"column":3}},{"start":{},"end":{}}],"line":243},"10":{"loc":{"start":{"line":284,"column":4},"end":{"line":290,"column":5}},"type":"if","locations":[{"start":{"line":284,"column":4},"end":{"line":290,"column":5}},{"start":{"line":286,"column":9},"end":{"line":290,"column":5}}],"line":284},"11":{"loc":{"start":{"line":287,"column":6},"end":{"line":289,"column":7}},"type":"if","locations":[{"start":{"line":287,"column":6},"end":{"line":289,"column":7}},{"start":{},"end":{}}],"line":287},"12":{"loc":{"start":{"line":301,"column":4},"end":{"line":312,"column":5}},"type":"if","locations":[{"start":{"line":301,"column":4},"end":{"line":312,"column":5}},{"start":{"line":309,"column":9},"end":{"line":312,"column":5}}],"line":301},"13":{"loc":{"start":{"line":321,"column":4},"end":{"line":325,"column":5}},"type":"if","locations":[{"start":{"line":321,"column":4},"end":{"line":325,"column":5}},{"start":{},"end":{}}],"line":321},"14":{"loc":{"start":{"line":337,"column":4},"end":{"line":341,"column":5}},"type":"if","locations":[{"start":{"line":337,"column":4},"end":{"line":341,"column":5}},{"start":{},"end":{}}],"line":337},"15":{"loc":{"start":{"line":362,"column":9},"end":{"line":362,"column":46}},"type":"binary-expr","locations":[{"start":{"line":362,"column":9},"end":{"line":362,"column":20}},{"start":{"line":362,"column":24},"end":{"line":362,"column":46}}],"line":362},"16":{"loc":{"start":{"line":379,"column":6},"end":{"line":382,"column":7}},"type":"if","locations":[{"start":{"line":379,"column":6},"end":{"line":382,"column":7}},{"start":{},"end":{}}],"line":379},"17":{"loc":{"start":{"line":401,"column":2},"end":{"line":404,"column":24}},"type":"if","locations":[{"start":{"line":401,"column":2},"end":{"line":404,"column":24}},{"start":{"line":404,"column":9},"end":{"line":404,"column":24}}],"line":401},"18":{"loc":{"start":{"line":459,"column":2},"end":{"line":480,"column":3}},"type":"if","locations":[{"start":{"line":459,"column":2},"end":{"line":480,"column":3}},{"start":{"line":466,"column":7},"end":{"line":480,"column":3}}],"line":459},"19":{"loc":{"start":{"line":549,"column":11},"end":{"line":549,"column":97}},"type":"binary-expr","locations":[{"start":{"line":549,"column":11},"end":{"line":549,"column":51}},{"start":{"line":549,"column":55},"end":{"line":549,"column":97}}],"line":549},"20":{"loc":{"start":{"line":554,"column":2},"end":{"line":556,"column":3}},"type":"if","locations":[{"start":{"line":554,"column":2},"end":{"line":556,"column":3}},{"start":{},"end":{}}],"line":554},"21":{"loc":{"start":{"line":584,"column":6},"end":{"line":586,"column":7}},"type":"if","locations":[{"start":{"line":584,"column":6},"end":{"line":586,"column":7}},{"start":{},"end":{}}],"line":584},"22":{"loc":{"start":{"line":584,"column":10},"end":{"line":584,"column":46}},"type":"binary-expr","locations":[{"start":{"line":584,"column":10},"end":{"line":584,"column":30}},{"start":{"line":584,"column":34},"end":{"line":584,"column":46}}],"line":584},"23":{"loc":{"start":{"line":588,"column":21},"end":{"line":588,"column":51}},"type":"cond-expr","locations":[{"start":{"line":588,"column":44},"end":{"line":588,"column":46}},{"start":{"line":588,"column":49},"end":{"line":588,"column":51}}],"line":588},"24":{"loc":{"start":{"line":598,"column":6},"end":{"line":598,"column":41}},"type":"if","locations":[{"start":{"line":598,"column":6},"end":{"line":598,"column":41}},{"start":{},"end":{}}],"line":598},"25":{"loc":{"start":{"line":622,"column":6},"end":{"line":628,"column":7}},"type":"if","locations":[{"start":{"line":622,"column":6},"end":{"line":628,"column":7}},{"start":{"line":625,"column":13},"end":{"line":628,"column":7}}],"line":622}},"s":{"0":0,"1":0,"2":0,"3":0,"4":0,"5":0,"6":0,"7":0,"8":0,"9":0,"10":0,"11":0,"12":0,"13":0,"14":0,"15":0,"16":0,"17":0,"18":0,"19":0,"20":0,"21":0,"22":0,"23":0,"24":0,"25":0,"26":0,"27":0,"28":0,"29":0,"30":0,"31":0,"32":0,"33":0,"34":0,"35":0,"36":0,"37":0,"38":0,"39":0,"40":0,"41":0,"42":0,"43":0,"44":0,"45":0,"46":0,"47":0,"48":0,"49":0,"50":0,"51":0,"52":0,"53":0,"54":0,"55":0,"56":0,"57":0,"58":0,"59":0,"60":0,"61":0,"62":0,"63":0,"64":0,"65":0,"66":0,"67":0,"68":0,"69":0,"70":0,"71":0,"72":0,"73":0,"74":0,"75":0,"76":0,"77":0,"78":0,"79":0,"80":0,"81":0,"82":0,"83":0,"84":0,"85":0,"86":0,"87":0,"88":0,"89":0,"90":0,"91":0,"92":0,"93":0,"94":0,"95":0,"96":0,"97":0,"98":0,"99":0,"100":0,"101":0,"102":0,"103":0,"104":0,"105":0,"106":0,"107":0,"108":0,"109":0,"110":0,"111":0,"112":0,"113":0,"114":0,"115":0,"116":0,"117":0,"118":0,"119":0,"120":0,"121":0,"122":0,"123":0,"124":0,"125":0,"126":0,"127":0,"128":0,"129":0,"130":0,"131":0,"132":0,"133":0,"134":0,"135":0,"136":0,"137":0,"138":0,"139":0,"140":0,"141":0,"142":0,"143":0,"144":0,"145":0,"146":0,"147":0,"148":0,"149":0,"150":0,"151":0,"152":0,"153":0,"154":0,"155":0,"156":0,"157":0,"158":0,"159":0,"160":0,"161":0,"162":0,"163":0,"164":0,"165":0,"166":0,"167":0,"168":0,"169":0,"170":0,"171":0,"172":0,"173":0,"174":0,"175":0,"176":0,"177":0,"178":0,"179":0,"180":0,"181":0,"182":0,"183":0,"184":0,"185":0,"186":0,"187":0,"188":0,"189":0,"190":0,"191":0,"192":0,"193":0,"194":0,"195":0,"196":0,"197":0,"198":0,"199":0,"200":0,"201":0,"202":0,"203":0,"204":0,"205":0,"206":0,"207":0,"208":0,"209":0,"210":0,"211":0,"212":0,"213":0,"214":0,"215":0,"216":0,"217":0,"218":0,"219":0,"220":0,"221":0,"222":0,"223":0,"224":0,"225":0,"226":0,"227":0,"228":0,"229":0,"230":0,"231":0,"232":0,"233":0,"234":0,"235":0,"236":0,"237":0,"238":0,"239":0,"240":0,"241":0,"242":0,"243":0,"244":0,"245":0,"246":0,"247":0,"248":0,"249":0,"250":0,"251":0,"252":0,"253":0,"254":0,"255":0,"256":0,"257":0,"258":0,"259":0,"260":0,"261":0,"262":0,"263":0,"264":0,"265":0,"266":0,"267":0,"268":0,"269":0,"270":0,"271":0,"272":0,"273":0,"274":0,"275":0,"276":0,"277":0,"278":0,"279":0,"280":0,"281":0,"282":0,"283":0,"284":0,"285":0,"286":0},"f":{"0":0,"1":0,"2":0,"3":0,"4":0,"5":0,"6":0,"7":0,"8":0,"9":0,"10":0,"11":0,"12":0,"13":0,"14":0,"15":0,"16":0,"17":0,"18":0,"19":0,"20":0,"21":0,"22":0,"23":0,"24":0,"25":0,"26":0,"27":0,"28":0,"29":0,"30":0,"31":0,"32":0,"33":0,"34":0,"35":0,"36":0,"37":0,"38":0,"39":0,"40":0,"41":0,"42":0,"43":0,"44":0,"45":0,"46":0,"47":0,"48":0,"49":0},"b":{"0":[0,0],"1":[0,0],"2":[0,0],"3":[0,0],"4":[0,0],"5":[0,0],"6":[0,0],"7":[0,0],"8":[0,0],"9":[0,0],"10":[0,0],"11":[0,0],"12":[0,0],"13":[0,0],"14":[0,0],"15":[0,0],"16":[0,0],"17":[0,0],"18":[0,0],"19":[0,0],"20":[0,0],"21":[0,0],"22":[0,0],"23":[0,0],"24":[0,0],"25":[0,0]}}
,"/Users/frankiechiu/cse110-sp24-group22/src/scripts/util.js": {"path":"/Users/frankiechiu/cse110-sp24-group22/src/scripts/util.js","statementMap":{"0":{"start":{"line":13,"column":2},"end":{"line":13,"column":30}},"1":{"start":{"line":15,"column":31},"end":{"line":15,"column":33}},"2":{"start":{"line":16,"column":33},"end":{"line":16,"column":35}},"3":{"start":{"line":18,"column":2},"end":{"line":24,"column":5}},"4":{"start":{"line":19,"column":4},"end":{"line":23,"column":5}},"5":{"start":{"line":20,"column":6},"end":{"line":20,"column":41}},"6":{"start":{"line":21,"column":11},"end":{"line":23,"column":5}},"7":{"start":{"line":22,"column":6},"end":{"line":22,"column":43}},"8":{"start":{"line":26,"column":2},"end":{"line":26,"column":65}},"9":{"start":{"line":35,"column":2},"end":{"line":37,"column":3}},"10":{"start":{"line":36,"column":4},"end":{"line":36,"column":14}},"11":{"start":{"line":39,"column":13},"end":{"line":39,"column":15}},"12":{"start":{"line":40,"column":2},"end":{"line":42,"column":5}},"13":{"start":{"line":41,"column":4},"end":{"line":41,"column":22}},"14":{"start":{"line":43,"column":2},"end":{"line":43,"column":14}},"15":{"start":{"line":54,"column":2},"end":{"line":54,"column":33}},"16":{"start":{"line":62,"column":2},"end":{"line":66,"column":3}},"17":{"start":{"line":63,"column":4},"end":{"line":63,"column":14}},"18":{"start":{"line":65,"column":4},"end":{"line":65,"column":59}},"19":{"start":{"line":74,"column":2},"end":{"line":74,"column":60}},"20":{"start":{"line":87,"column":24},"end":{"line":87,"column":53}},"21":{"start":{"line":88,"column":2},"end":{"line":88,"column":42}},"22":{"start":{"line":89,"column":2},"end":{"line":89,"column":34}},"23":{"start":{"line":90,"column":2},"end":{"line":90,"column":50}},"24":{"start":{"line":92,"column":2},"end":{"line":97,"column":3}},"25":{"start":{"line":93,"column":4},"end":{"line":96,"column":5}},"26":{"start":{"line":94,"column":6},"end":{"line":94,"column":62}},"27":{"start":{"line":94,"column":52},"end":{"line":94,"column":60}},"28":{"start":{"line":95,"column":6},"end":{"line":95,"column":29}},"29":{"start":{"line":106,"column":2},"end":{"line":106,"column":61}},"30":{"start":{"line":106,"column":45},"end":{"line":106,"column":59}},"31":{"start":{"line":114,"column":2},"end":{"line":116,"column":3}},"32":{"start":{"line":115,"column":4},"end":{"line":115,"column":21}},"33":{"start":{"line":117,"column":2},"end":{"line":117,"column":70}},"34":{"start":{"line":125,"column":2},"end":{"line":125,"column":71}}},"fnMap":{"0":{"name":"getMatchingEntries","decl":{"start":{"line":12,"column":9},"end":{"line":12,"column":27}},"loc":{"start":{"line":12,"column":41},"end":{"line":27,"column":1}},"line":12},"1":{"name":"(anonymous_1)","decl":{"start":{"line":18,"column":15},"end":{"line":18,"column":16}},"loc":{"start":{"line":18,"column":26},"end":{"line":24,"column":3}},"line":18},"2":{"name":"getTextFromDelta","decl":{"start":{"line":34,"column":9},"end":{"line":34,"column":25}},"loc":{"start":{"line":34,"column":33},"end":{"line":44,"column":1}},"line":34},"3":{"name":"(anonymous_3)","decl":{"start":{"line":40,"column":20},"end":{"line":40,"column":21}},"loc":{"start":{"line":40,"column":28},"end":{"line":42,"column":3}},"line":40},"4":{"name":"isTitleValid","decl":{"start":{"line":53,"column":9},"end":{"line":53,"column":21}},"loc":{"start":{"line":53,"column":29},"end":{"line":55,"column":1}},"line":53},"5":{"name":"getJournalList","decl":{"start":{"line":61,"column":9},"end":{"line":61,"column":23}},"loc":{"start":{"line":61,"column":26},"end":{"line":67,"column":1}},"line":61},"6":{"name":"saveJournalList","decl":{"start":{"line":73,"column":9},"end":{"line":73,"column":24}},"loc":{"start":{"line":73,"column":31},"end":{"line":75,"column":1}},"line":73},"7":{"name":"createTag","decl":{"start":{"line":86,"column":9},"end":{"line":86,"column":18}},"loc":{"start":{"line":86,"column":57},"end":{"line":98,"column":1}},"line":86},"8":{"name":"(anonymous_8)","decl":{"start":{"line":92,"column":26},"end":{"line":92,"column":27}},"loc":{"start":{"line":92,"column":37},"end":{"line":97,"column":3}},"line":92},"9":{"name":"(anonymous_9)","decl":{"start":{"line":94,"column":47},"end":{"line":94,"column":48}},"loc":{"start":{"line":94,"column":52},"end":{"line":94,"column":60}},"line":94},"10":{"name":"parseTags","decl":{"start":{"line":105,"column":9},"end":{"line":105,"column":18}},"loc":{"start":{"line":105,"column":31},"end":{"line":107,"column":1}},"line":105},"11":{"name":"(anonymous_11)","decl":{"start":{"line":106,"column":38},"end":{"line":106,"column":39}},"loc":{"start":{"line":106,"column":45},"end":{"line":106,"column":59}},"line":106},"12":{"name":"getJournalTags","decl":{"start":{"line":113,"column":9},"end":{"line":113,"column":23}},"loc":{"start":{"line":113,"column":26},"end":{"line":118,"column":1}},"line":113},"13":{"name":"saveJournalTags","decl":{"start":{"line":124,"column":9},"end":{"line":124,"column":24}},"loc":{"start":{"line":124,"column":38},"end":{"line":126,"column":1}},"line":124}},"branchMap":{"0":{"loc":{"start":{"line":19,"column":4},"end":{"line":23,"column":5}},"type":"if","locations":[{"start":{"line":19,"column":4},"end":{"line":23,"column":5}},{"start":{"line":21,"column":11},"end":{"line":23,"column":5}}],"line":19},"1":{"loc":{"start":{"line":21,"column":11},"end":{"line":23,"column":5}},"type":"if","locations":[{"start":{"line":21,"column":11},"end":{"line":23,"column":5}},{"start":{},"end":{}}],"line":21},"2":{"loc":{"start":{"line":35,"column":2},"end":{"line":37,"column":3}},"type":"if","locations":[{"start":{"line":35,"column":2},"end":{"line":37,"column":3}},{"start":{},"end":{}}],"line":35},"3":{"loc":{"start":{"line":35,"column":6},"end":{"line":35,"column":26}},"type":"binary-expr","locations":[{"start":{"line":35,"column":6},"end":{"line":35,"column":12}},{"start":{"line":35,"column":16},"end":{"line":35,"column":26}}],"line":35},"4":{"loc":{"start":{"line":62,"column":2},"end":{"line":66,"column":3}},"type":"if","locations":[{"start":{"line":62,"column":2},"end":{"line":66,"column":3}},{"start":{"line":64,"column":9},"end":{"line":66,"column":3}}],"line":62},"5":{"loc":{"start":{"line":93,"column":4},"end":{"line":96,"column":5}},"type":"if","locations":[{"start":{"line":93,"column":4},"end":{"line":96,"column":5}},{"start":{},"end":{}}],"line":93},"6":{"loc":{"start":{"line":114,"column":2},"end":{"line":116,"column":3}},"type":"if","locations":[{"start":{"line":114,"column":2},"end":{"line":116,"column":3}},{"start":{},"end":{}}],"line":114}},"s":{"0":0,"1":0,"2":0,"3":0,"4":0,"5":0,"6":0,"7":0,"8":0,"9":0,"10":0,"11":0,"12":0,"13":0,"14":0,"15":0,"16":0,"17":0,"18":0,"19":0,"20":0,"21":0,"22":0,"23":0,"24":0,"25":0,"26":0,"27":0,"28":0,"29":0,"30":0,"31":0,"32":0,"33":0,"34":0},"f":{"0":0,"1":0,"2":0,"3":0,"4":0,"5":0,"6":0,"7":0,"8":0,"9":0,"10":0,"11":0,"12":0,"13":0},"b":{"0":[0,0],"1":[0,0],"2":[0,0],"3":[0,0],"4":[0,0],"5":[0,0],"6":[0,0]}}
}
