TN:
SF:src/scripts/list.js
FN:26,init
FN:35,(anonymous_1)
FN:41,(anonymous_2)
FN:46,(anonymous_3)
FN:51,(anonymous_4)
FN:58,(anonymous_5)
FN:61,(anonymous_6)
FN:66,parseUrlAndSearch
FN:93,sortByCategory
FN:113,updateSortArrows
FN:132,displayList
FN:137,(anonymous_11)
FN:142,createListItem
FN:156,(anonymous_13)
FN:160,(anonymous_14)
FN:201,(anonymous_15)
FN:215,(anonymous_16)
FN:218,(anonymous_17)
FN:221,(anonymous_18)
FN:229,getJournalByTimestamp
FN:230,(anonymous_20)
FN:237,deleteJournal
FN:238,(anonymous_22)
FN:242,getJournalTags
FN:249,deleteTag
FN:250,(anonymous_25)
FN:255,saveJournalTags
FN:263,editJournal
FN:304,(anonymous_28)
FN:311,(anonymous_29)
FN:320,(anonymous_30)
FN:366,(anonymous_31)
FN:377,(anonymous_32)
FN:379,(anonymous_33)
FN:400,(anonymous_34)
FN:423,updateTitleHandler
FN:435,quillUpdateTextHandler
FN:452,(anonymous_37)
FN:456,(anonymous_38)
FN:475,(anonymous_39)
FN:481,(anonymous_40)
FN:484,(anonymous_41)
FN:508,createTag
FN:514,(anonymous_43)
FN:516,(anonymous_44)
FN:530,searchJournal
FN:534,(anonymous_46)
FN:535,(anonymous_47)
FN:543,(anonymous_48)
FN:546,(anonymous_49)
FN:559,parseTags
FN:560,(anonymous_51)
FN:570,updateDisplay
FN:579,(anonymous_53)
FN:587,(anonymous_54)
FN:601,setUpSearch
FN:606,(anonymous_56)
FN:607,(anonymous_57)
FNF:58
FNH:0
FNDA:0,init
FNDA:0,(anonymous_1)
FNDA:0,(anonymous_2)
FNDA:0,(anonymous_3)
FNDA:0,(anonymous_4)
FNDA:0,(anonymous_5)
FNDA:0,(anonymous_6)
FNDA:0,parseUrlAndSearch
FNDA:0,sortByCategory
FNDA:0,updateSortArrows
FNDA:0,displayList
FNDA:0,(anonymous_11)
FNDA:0,createListItem
FNDA:0,(anonymous_13)
FNDA:0,(anonymous_14)
FNDA:0,(anonymous_15)
FNDA:0,(anonymous_16)
FNDA:0,(anonymous_17)
FNDA:0,(anonymous_18)
FNDA:0,getJournalByTimestamp
FNDA:0,(anonymous_20)
FNDA:0,deleteJournal
FNDA:0,(anonymous_22)
FNDA:0,getJournalTags
FNDA:0,deleteTag
FNDA:0,(anonymous_25)
FNDA:0,saveJournalTags
FNDA:0,editJournal
FNDA:0,(anonymous_28)
FNDA:0,(anonymous_29)
FNDA:0,(anonymous_30)
FNDA:0,(anonymous_31)
FNDA:0,(anonymous_32)
FNDA:0,(anonymous_33)
FNDA:0,(anonymous_34)
FNDA:0,updateTitleHandler
FNDA:0,quillUpdateTextHandler
FNDA:0,(anonymous_37)
FNDA:0,(anonymous_38)
FNDA:0,(anonymous_39)
FNDA:0,(anonymous_40)
FNDA:0,(anonymous_41)
FNDA:0,createTag
FNDA:0,(anonymous_43)
FNDA:0,(anonymous_44)
FNDA:0,searchJournal
FNDA:0,(anonymous_46)
FNDA:0,(anonymous_47)
FNDA:0,(anonymous_48)
FNDA:0,(anonymous_49)
FNDA:0,parseTags
FNDA:0,(anonymous_51)
FNDA:0,updateDisplay
FNDA:0,(anonymous_53)
FNDA:0,(anonymous_54)
FNDA:0,setUpSearch
FNDA:0,(anonymous_56)
FNDA:0,(anonymous_57)
DA:4,0
DA:5,0
DA:6,0
DA:7,0
DA:11,0
DA:27,0
DA:28,0
DA:29,0
DA:31,0
DA:33,0
DA:35,0
DA:36,0
DA:40,0
DA:41,0
DA:42,0
DA:43,0
DA:44,0
DA:45,0
DA:46,0
DA:47,0
DA:50,0
DA:51,0
DA:52,0
DA:58,0
DA:59,0
DA:61,0
DA:62,0
DA:67,0
DA:68,0
DA:69,0
DA:70,0
DA:71,0
DA:73,0
DA:74,0
DA:87,0
DA:88,0
DA:94,0
DA:95,0
DA:96,0
DA:97,0
DA:98,0
DA:99,0
DA:101,0
DA:102,0
DA:114,0
DA:115,0
DA:117,0
DA:118,0
DA:119,0
DA:120,0
DA:121,0
DA:124,0
DA:134,0
DA:135,0
DA:137,0
DA:138,0
DA:144,0
DA:145,0
DA:147,0
DA:148,0
DA:149,0
DA:151,0
DA:152,0
DA:154,0
DA:156,0
DA:157,0
DA:158,0
DA:159,0
DA:160,0
DA:163,0
DA:164,0
DA:167,0
DA:168,0
DA:170,0
DA:171,0
DA:173,0
DA:175,0
DA:177,0
DA:187,0
DA:191,0
DA:194,0
DA:195,0
DA:196,0
DA:197,0
DA:198,0
DA:201,0
DA:202,0
DA:207,0
DA:208,0
DA:209,0
DA:211,0
DA:214,0
DA:215,0
DA:216,0
DA:218,0
DA:219,0
DA:221,0
DA:222,0
DA:226,0
DA:230,0
DA:231,0
DA:232,0
DA:233,0
DA:234,0
DA:238,0
DA:239,0
DA:243,0
DA:244,0
DA:246,0
DA:250,0
DA:251,0
DA:256,0
DA:264,0
DA:266,0
DA:268,0
DA:270,0
DA:272,0
DA:274,0
DA:276,0
DA:280,0
DA:282,0
DA:284,0
DA:286,0
DA:288,0
DA:290,0
DA:292,0
DA:293,0
DA:296,0
DA:299,0
DA:300,0
DA:304,0
DA:305,0
DA:306,0
DA:311,0
DA:312,0
DA:313,0
DA:314,0
DA:315,0
DA:316,0
DA:320,0
DA:321,0
DA:322,0
DA:323,0
DA:324,0
DA:325,0
DA:326,0
DA:327,0
DA:329,0
DA:336,0
DA:338,0
DA:339,0
DA:340,0
DA:341,0
DA:351,0
DA:352,0
DA:353,0
DA:356,0
DA:358,0
DA:360,0
DA:361,0
DA:363,0
DA:364,0
DA:366,0
DA:367,0
DA:368,0
DA:369,0
DA:373,0
DA:377,0
DA:379,0
DA:380,0
DA:381,0
DA:382,0
DA:383,0
DA:384,0
DA:387,0
DA:389,0
DA:392,0
DA:393,0
DA:396,0
DA:400,0
DA:401,0
DA:402,0
DA:403,0
DA:405,0
DA:406,0
DA:407,0
DA:408,0
DA:409,0
DA:410,0
DA:411,0
DA:413,0
DA:416,0
DA:417,0
DA:418,0
DA:419,0
DA:424,0
DA:425,0
DA:426,0
DA:428,0
DA:436,0
DA:437,0
DA:439,0
DA:441,0
DA:443,0
DA:446,0
DA:448,0
DA:452,0
DA:453,0
DA:454,0
DA:455,0
DA:456,0
DA:457,0
DA:459,0
DA:460,0
DA:461,0
DA:466,0
DA:468,0
DA:469,0
DA:470,0
DA:471,0
DA:472,0
DA:475,0
DA:476,0
DA:481,0
DA:482,0
DA:483,0
DA:484,0
DA:485,0
DA:486,0
DA:487,0
DA:488,0
DA:490,0
DA:492,0
DA:493,0
DA:494,0
DA:495,0
DA:496,0
DA:497,0
DA:509,0
DA:510,0
DA:511,0
DA:512,0
DA:514,0
DA:515,0
DA:516,0
DA:517,0
DA:531,0
DA:534,0
DA:535,0
DA:539,0
DA:540,0
DA:542,0
DA:543,0
DA:545,0
DA:546,0
DA:549,0
DA:560,0
DA:565,0
DA:566,0
DA:567,0
DA:568,0
DA:571,0
DA:578,0
DA:579,0
DA:580,0
DA:581,0
DA:583,0
DA:586,0
DA:587,0
DA:588,0
DA:589,0
DA:591,0
DA:595,0
DA:602,0
DA:603,0
DA:606,0
DA:607,0
DA:608,0
DA:609,0
LF:279
LH:0
BRDA:44,0,0,0
BRDA:44,0,1,0
BRDA:68,1,0,0
BRDA:68,1,1,0
BRDA:69,2,0,0
BRDA:69,2,1,0
BRDA:70,3,0,0
BRDA:70,3,1,0
BRDA:71,4,0,0
BRDA:71,4,1,0
BRDA:94,5,0,0
BRDA:94,5,1,0
BRDA:97,6,0,0
BRDA:97,6,1,0
BRDA:117,7,0,0
BRDA:117,7,1,0
BRDA:118,8,0,0
BRDA:118,8,1,0
BRDA:120,9,0,0
BRDA:120,9,1,0
BRDA:121,10,0,0
BRDA:121,10,1,0
BRDA:202,11,0,0
BRDA:202,11,1,0
BRDA:231,12,0,0
BRDA:231,12,1,0
BRDA:243,13,0,0
BRDA:243,13,1,0
BRDA:299,14,0,0
BRDA:299,14,1,0
BRDA:305,15,0,0
BRDA:305,15,1,0
BRDA:312,16,0,0
BRDA:312,16,1,0
BRDA:323,17,0,0
BRDA:323,17,1,0
BRDA:338,18,0,0
BRDA:338,18,1,0
BRDA:387,19,0,0
BRDA:387,19,1,0
BRDA:392,20,0,0
BRDA:392,20,1,0
BRDA:405,21,0,0
BRDA:405,21,1,0
BRDA:426,22,0,0
BRDA:426,22,1,0
BRDA:441,23,0,0
BRDA:441,23,1,0
BRDA:469,24,0,0
BRDA:469,24,1,0
BRDA:486,25,0,0
BRDA:486,25,1,0
BRDA:515,26,0,0
BRDA:515,26,1,0
BRDA:542,27,0,0
BRDA:542,27,1,0
BRDA:545,28,0,0
BRDA:545,28,1,0
BRDA:578,29,0,0
BRDA:578,29,1,0
BRDA:580,30,0,0
BRDA:580,30,1,0
BRDA:586,31,0,0
BRDA:586,31,1,0
BRDA:588,32,0,0
BRDA:588,32,1,0
BRF:66
BRH:0
end_of_record
TN:
SF:src/scripts/main.js
FN:7,dummy
FN:17,(anonymous_1)
FN:25,init
FN:30,updateDate
FN:49,newListOnCanClick
FN:51,(anonymous_5)
FN:66,displayEntryDropdownList
FN:70,(anonymous_7)
FN:79,createEntryDropdownItem
FN:104,(anonymous_9)
FN:107,(anonymous_10)
FN:120,displayTitle
FN:127,displayDateModified
FN:147,setUpHomeSearch
FN:154,updateDropdown
FN:175,editJournal
FN:212,(anonymous_16)
FN:219,(anonymous_17)
FN:228,(anonymous_18)
FN:277,(anonymous_19)
FN:278,(anonymous_20)
FN:295,(anonymous_21)
FN:318,updateTitleHandler
FN:331,quillUpdateTextHandler
FN:345,(anonymous_24)
FN:349,(anonymous_25)
FN:368,(anonymous_26)
FN:374,(anonymous_27)
FN:377,(anonymous_28)
FN:399,getJournalByTimestamp
FN:400,(anonymous_30)
FN:411,deleteJournal
FN:412,(anonymous_32)
FN:423,getJournalEntryCount
FN:432,getPlantImage
FN:451,updatePlantImage
FN:469,(anonymous_36)
FN:474,(anonymous_37)
FN:486,displayPlantImage
FN:505,(anonymous_39)
FN:510,loadRoots
FN:519,getColor
FN:535,loadExampleEntries
FN:546,filterJournalsByDate
FN:547,(anonymous_44)
FN:553,renderRoots
FN:562,createNodeAt
FN:607,hideLabel
FN:614,(anonymous_48)
FN:618,(anonymous_49)
FNF:50
FNH:0
FNDA:0,dummy
FNDA:0,(anonymous_1)
FNDA:0,init
FNDA:0,updateDate
FNDA:0,newListOnCanClick
FNDA:0,(anonymous_5)
FNDA:0,displayEntryDropdownList
FNDA:0,(anonymous_7)
FNDA:0,createEntryDropdownItem
FNDA:0,(anonymous_9)
FNDA:0,(anonymous_10)
FNDA:0,displayTitle
FNDA:0,displayDateModified
FNDA:0,setUpHomeSearch
FNDA:0,updateDropdown
FNDA:0,editJournal
FNDA:0,(anonymous_16)
FNDA:0,(anonymous_17)
FNDA:0,(anonymous_18)
FNDA:0,(anonymous_19)
FNDA:0,(anonymous_20)
FNDA:0,(anonymous_21)
FNDA:0,updateTitleHandler
FNDA:0,quillUpdateTextHandler
FNDA:0,(anonymous_24)
FNDA:0,(anonymous_25)
FNDA:0,(anonymous_26)
FNDA:0,(anonymous_27)
FNDA:0,(anonymous_28)
FNDA:0,getJournalByTimestamp
FNDA:0,(anonymous_30)
FNDA:0,deleteJournal
FNDA:0,(anonymous_32)
FNDA:0,getJournalEntryCount
FNDA:0,getPlantImage
FNDA:0,updatePlantImage
FNDA:0,(anonymous_36)
FNDA:0,(anonymous_37)
FNDA:0,displayPlantImage
FNDA:0,(anonymous_39)
FNDA:0,loadRoots
FNDA:0,getColor
FNDA:0,loadExampleEntries
FNDA:0,filterJournalsByDate
FNDA:0,(anonymous_44)
FNDA:0,renderRoots
FNDA:0,createNodeAt
FNDA:0,hideLabel
FNDA:0,(anonymous_48)
FNDA:0,(anonymous_49)
DA:12,0
DA:13,0
DA:14,0
DA:15,0
DA:17,0
DA:18,0
DA:19,0
DA:26,0
DA:27,0
DA:28,0
DA:31,0
DA:32,0
DA:33,0
DA:37,0
DA:40,0
DA:41,0
DA:42,0
DA:43,0
DA:50,0
DA:51,0
DA:52,0
DA:58,0
DA:60,0
DA:68,0
DA:70,0
DA:71,0
DA:81,0
DA:84,0
DA:87,0
DA:88,0
DA:89,0
DA:90,0
DA:92,0
DA:95,0
DA:96,0
DA:97,0
DA:99,0
DA:101,0
DA:104,0
DA:105,0
DA:107,0
DA:108,0
DA:109,0
DA:110,0
DA:115,0
DA:121,0
DA:128,0
DA:129,0
DA:138,0
DA:148,0
DA:155,0
DA:156,0
DA:157,0
DA:159,0
DA:160,0
DA:161,0
DA:164,0
DA:165,0
DA:176,0
DA:178,0
DA:180,0
DA:182,0
DA:184,0
DA:189,0
DA:191,0
DA:193,0
DA:195,0
DA:197,0
DA:199,0
DA:201,0
DA:202,0
DA:205,0
DA:208,0
DA:209,0
DA:212,0
DA:213,0
DA:214,0
DA:219,0
DA:220,0
DA:221,0
DA:222,0
DA:223,0
DA:228,0
DA:229,0
DA:230,0
DA:231,0
DA:232,0
DA:233,0
DA:234,0
DA:236,0
DA:241,0
DA:243,0
DA:244,0
DA:245,0
DA:246,0
DA:255,0
DA:256,0
DA:257,0
DA:260,0
DA:262,0
DA:264,0
DA:265,0
DA:266,0
DA:268,0
DA:269,0
DA:271,0
DA:274,0
DA:277,0
DA:278,0
DA:279,0
DA:280,0
DA:281,0
DA:282,0
DA:284,0
DA:285,0
DA:287,0
DA:288,0
DA:291,0
DA:295,0
DA:296,0
DA:297,0
DA:298,0
DA:299,0
DA:301,0
DA:302,0
DA:303,0
DA:304,0
DA:305,0
DA:307,0
DA:310,0
DA:311,0
DA:319,0
DA:320,0
DA:321,0
DA:323,0
DA:324,0
DA:332,0
DA:333,0
DA:335,0
DA:337,0
DA:339,0
DA:340,0
DA:345,0
DA:346,0
DA:347,0
DA:348,0
DA:349,0
DA:350,0
DA:352,0
DA:353,0
DA:354,0
DA:359,0
DA:361,0
DA:362,0
DA:363,0
DA:364,0
DA:365,0
DA:368,0
DA:369,0
DA:374,0
DA:375,0
DA:376,0
DA:377,0
DA:378,0
DA:379,0
DA:380,0
DA:381,0
DA:383,0
DA:385,0
DA:386,0
DA:387,0
DA:388,0
DA:389,0
DA:390,0
DA:400,0
DA:401,0
DA:402,0
DA:403,0
DA:404,0
DA:412,0
DA:413,0
DA:414,0
DA:424,0
DA:433,0
DA:442,0
DA:443,0
DA:444,0
DA:452,0
DA:453,0
DA:454,0
DA:457,0
DA:459,0
DA:461,0
DA:462,0
DA:463,0
DA:464,0
DA:468,0
DA:469,0
DA:471,0
DA:472,0
DA:474,0
DA:475,0
DA:477,0
DA:478,0
DA:487,0
DA:488,0
DA:489,0
DA:490,0
DA:491,0
DA:500,0
DA:503,0
DA:505,0
DA:506,0
DA:508,0
DA:511,0
DA:512,0
DA:514,0
DA:517,0
DA:520,0
DA:521,0
DA:522,0
DA:524,0
DA:525,0
DA:526,0
DA:528,0
DA:531,0
DA:532,0
DA:537,0
DA:538,0
DA:539,0
DA:540,0
DA:544,0
DA:547,0
DA:548,0
DA:549,0
DA:554,0
DA:555,0
DA:557,0
DA:559,0
DA:560,0
DA:563,0
DA:564,0
DA:565,0
DA:568,0
DA:569,0
DA:571,0
DA:572,0
DA:574,0
DA:577,0
DA:579,0
DA:580,0
DA:581,0
DA:583,0
DA:584,0
DA:585,0
DA:588,0
DA:590,0
DA:592,0
DA:596,0
DA:598,0
DA:600,0
DA:601,0
DA:603,0
DA:604,0
DA:605,0
DA:608,0
DA:611,0
DA:613,0
DA:614,0
DA:615,0
DA:618,0
DA:619,0
DA:622,0
DA:623,0
DA:624,0
DA:626,0
DA:627,0
DA:631,0
DA:633,0
DA:636,0
DA:637,0
DA:642,0
LF:282
LH:0
BRDA:15,0,0,0
BRDA:15,0,1,0
BRDA:108,1,0,0
BRDA:108,1,1,0
BRDA:108,2,0,0
BRDA:108,2,1,0
BRDA:157,3,0,0
BRDA:157,3,1,0
BRDA:157,4,0,0
BRDA:157,4,1,0
BRDA:208,5,0,0
BRDA:208,5,1,0
BRDA:213,6,0,0
BRDA:213,6,1,0
BRDA:220,7,0,0
BRDA:220,7,1,0
BRDA:231,8,0,0
BRDA:231,8,1,0
BRDA:243,9,0,0
BRDA:243,9,1,0
BRDA:284,10,0,0
BRDA:284,10,1,0
BRDA:287,11,0,0
BRDA:287,11,1,0
BRDA:301,12,0,0
BRDA:301,12,1,0
BRDA:321,13,0,0
BRDA:321,13,1,0
BRDA:337,14,0,0
BRDA:337,14,1,0
BRDA:362,15,0,0
BRDA:362,15,1,0
BRDA:379,16,0,0
BRDA:379,16,1,0
BRDA:401,17,0,0
BRDA:401,17,1,0
BRDA:459,18,0,0
BRDA:459,18,1,0
BRDA:549,19,0,0
BRDA:549,19,1,0
BRDA:554,20,0,0
BRDA:554,20,1,0
BRDA:584,21,0,0
BRDA:584,21,1,0
BRDA:584,22,0,0
BRDA:584,22,1,0
BRDA:588,23,0,0
BRDA:588,23,1,0
BRDA:598,24,0,0
BRDA:598,24,1,0
BRDA:622,25,0,0
BRDA:622,25,1,0
BRF:52
BRH:0
end_of_record
TN:
SF:src/scripts/util.js
FN:12,getMatchingEntries
FN:18,(anonymous_1)
FN:34,getTextFromDelta
FN:40,(anonymous_3)
FN:53,isTitleValid
FN:61,getJournalList
FN:73,saveJournalList
FN:86,createTag
FN:92,(anonymous_8)
FN:94,(anonymous_9)
FN:105,parseTags
FN:106,(anonymous_11)
FN:113,getJournalTags
FN:124,saveJournalTags
FNF:14
FNH:0
FNDA:0,getMatchingEntries
FNDA:0,(anonymous_1)
FNDA:0,getTextFromDelta
FNDA:0,(anonymous_3)
FNDA:0,isTitleValid
FNDA:0,getJournalList
FNDA:0,saveJournalList
FNDA:0,createTag
FNDA:0,(anonymous_8)
FNDA:0,(anonymous_9)
FNDA:0,parseTags
FNDA:0,(anonymous_11)
FNDA:0,getJournalTags
FNDA:0,saveJournalTags
DA:13,0
DA:15,0
DA:16,0
DA:18,0
DA:19,0
DA:20,0
DA:21,0
DA:22,0
DA:26,0
DA:35,0
DA:36,0
DA:39,0
DA:40,0
DA:41,0
DA:43,0
DA:54,0
DA:62,0
DA:63,0
DA:65,0
DA:74,0
DA:87,0
DA:88,0
DA:89,0
DA:90,0
DA:92,0
DA:93,0
DA:94,0
DA:95,0
DA:106,0
DA:114,0
DA:115,0
DA:117,0
DA:125,0
LF:33
LH:0
BRDA:19,0,0,0
BRDA:19,0,1,0
BRDA:21,1,0,0
BRDA:21,1,1,0
BRDA:35,2,0,0
BRDA:35,2,1,0
BRDA:35,3,0,0
BRDA:35,3,1,0
BRDA:62,4,0,0
BRDA:62,4,1,0
BRDA:93,5,0,0
BRDA:93,5,1,0
BRDA:114,6,0,0
BRDA:114,6,1,0
BRF:14
BRH:0
end_of_record
